TN:
SF:server.js
FN:7,(anonymous_0)
FN:7,(anonymous_1)
FN:46,(anonymous_2)
FN:50,(anonymous_3)
FN:57,escapeHtml
FN:86,(anonymous_5)
FN:100,(anonymous_6)
FN:106,(anonymous_7)
FN:122,(anonymous_8)
FN:144,(anonymous_9)
FN:151,(anonymous_10)
FN:155,(anonymous_11)
FN:159,(anonymous_12)
FN:162,(anonymous_13)
FN:167,(anonymous_14)
FN:171,(anonymous_15)
FN:175,(anonymous_16)
FN:186,(anonymous_17)
FN:189,(anonymous_18)
FN:195,(anonymous_19)
FN:206,makeJiraRequest
FN:234,(anonymous_21)
FN:254,getJiraBoards
FN:261,getJiraBoardIssues
FN:293,updateJiraIssueStoryPoints
FN:303,roundToNearestFibonacci
FN:322,startDiscussionTimer
FN:331,(anonymous_27)
FN:348,stopDiscussionTimer
FN:357,recordHistory
FN:382,(anonymous_30)
FN:399,(anonymous_31)
FN:404,generateRoomCode
FN:408,createSession
FN:445,getSessionData
FN:457,(anonymous_35)
FN:476,(anonymous_36)
FN:480,(anonymous_37)
FN:498,(anonymous_38)
FN:571,(anonymous_39)
FN:577,(anonymous_40)
FN:611,(anonymous_41)
FN:617,(anonymous_42)
FN:634,(anonymous_43)
FN:654,(anonymous_44)
FN:660,(anonymous_45)
FN:695,(anonymous_46)
FN:701,(anonymous_47)
FN:760,(anonymous_48)
FN:766,(anonymous_49)
FN:802,(anonymous_50)
FN:808,(anonymous_51)
FN:836,(anonymous_52)
FN:849,(anonymous_53)
FN:851,(anonymous_54)
FN:857,(anonymous_55)
FN:862,(anonymous_56)
FN:910,(anonymous_57)
FN:916,(anonymous_58)
FN:986,(anonymous_59)
FN:1018,(anonymous_60)
FN:1024,(anonymous_61)
FN:1036,(anonymous_62)
FN:1040,(anonymous_63)
FN:1048,(anonymous_64)
FN:1054,(anonymous_65)
FN:1097,(anonymous_66)
FN:1103,(anonymous_67)
FN:1134,(anonymous_68)
FN:1140,(anonymous_69)
FN:1172,(anonymous_70)
FN:1191,(anonymous_71)
FN:1195,(anonymous_72)
FN:1203,(anonymous_73)
FN:1209,(anonymous_74)
FN:1259,(anonymous_75)
FN:1265,(anonymous_76)
FN:1289,(anonymous_77)
FN:1305,(anonymous_78)
FN:1309,(anonymous_79)
FN:1311,(anonymous_80)
FN:1334,(anonymous_81)
FN:1344,(anonymous_82)
FN:1347,(anonymous_83)
FN:1356,(anonymous_84)
FN:1365,(anonymous_85)
FN:1370,(anonymous_86)
FN:1374,(anonymous_87)
FN:1400,(anonymous_88)
FN:1408,(anonymous_89)
FN:1414,(anonymous_90)
FNF:91
FNH:13
FNDA:0,(anonymous_0)
FNDA:0,(anonymous_1)
FNDA:2,(anonymous_2)
FNDA:2,(anonymous_3)
FNDA:4,escapeHtml
FNDA:0,(anonymous_5)
FNDA:2,(anonymous_6)
FNDA:0,(anonymous_7)
FNDA:2,(anonymous_8)
FNDA:0,(anonymous_9)
FNDA:3,(anonymous_10)
FNDA:0,(anonymous_11)
FNDA:0,(anonymous_12)
FNDA:0,(anonymous_13)
FNDA:0,(anonymous_14)
FNDA:1,(anonymous_15)
FNDA:4,(anonymous_16)
FNDA:0,(anonymous_17)
FNDA:2,(anonymous_18)
FNDA:0,(anonymous_19)
FNDA:0,makeJiraRequest
FNDA:0,(anonymous_21)
FNDA:0,getJiraBoards
FNDA:0,getJiraBoardIssues
FNDA:0,updateJiraIssueStoryPoints
FNDA:0,roundToNearestFibonacci
FNDA:0,startDiscussionTimer
FNDA:0,(anonymous_27)
FNDA:0,stopDiscussionTimer
FNDA:0,recordHistory
FNDA:0,(anonymous_30)
FNDA:0,(anonymous_31)
FNDA:0,generateRoomCode
FNDA:0,createSession
FNDA:0,getSessionData
FNDA:0,(anonymous_35)
FNDA:0,(anonymous_36)
FNDA:0,(anonymous_37)
FNDA:0,(anonymous_38)
FNDA:0,(anonymous_39)
FNDA:0,(anonymous_40)
FNDA:0,(anonymous_41)
FNDA:0,(anonymous_42)
FNDA:0,(anonymous_43)
FNDA:0,(anonymous_44)
FNDA:0,(anonymous_45)
FNDA:0,(anonymous_46)
FNDA:0,(anonymous_47)
FNDA:0,(anonymous_48)
FNDA:0,(anonymous_49)
FNDA:0,(anonymous_50)
FNDA:0,(anonymous_51)
FNDA:0,(anonymous_52)
FNDA:0,(anonymous_53)
FNDA:0,(anonymous_54)
FNDA:0,(anonymous_55)
FNDA:0,(anonymous_56)
FNDA:0,(anonymous_57)
FNDA:0,(anonymous_58)
FNDA:0,(anonymous_59)
FNDA:0,(anonymous_60)
FNDA:0,(anonymous_61)
FNDA:0,(anonymous_62)
FNDA:0,(anonymous_63)
FNDA:0,(anonymous_64)
FNDA:0,(anonymous_65)
FNDA:0,(anonymous_66)
FNDA:0,(anonymous_67)
FNDA:0,(anonymous_68)
FNDA:0,(anonymous_69)
FNDA:0,(anonymous_70)
FNDA:0,(anonymous_71)
FNDA:0,(anonymous_72)
FNDA:0,(anonymous_73)
FNDA:0,(anonymous_74)
FNDA:0,(anonymous_75)
FNDA:0,(anonymous_76)
FNDA:0,(anonymous_77)
FNDA:0,(anonymous_78)
FNDA:0,(anonymous_79)
FNDA:0,(anonymous_80)
FNDA:3,(anonymous_81)
FNDA:1,(anonymous_82)
FNDA:0,(anonymous_83)
FNDA:3,(anonymous_84)
FNDA:0,(anonymous_85)
FNDA:0,(anonymous_86)
FNDA:0,(anonymous_87)
FNDA:0,(anonymous_88)
FNDA:0,(anonymous_89)
FNDA:2,(anonymous_90)
DA:2,2
DA:3,2
DA:4,2
DA:5,2
DA:6,2
DA:7,2
DA:8,2
DA:11,2
DA:12,2
DA:18,2
DA:19,2
DA:21,2
DA:22,2
DA:23,2
DA:30,2
DA:31,2
DA:32,2
DA:33,2
DA:36,2
DA:39,2
DA:43,2
DA:46,2
DA:47,2
DA:48,2
DA:50,2
DA:51,2
DA:52,0
DA:53,0
DA:58,4
DA:67,2
DA:71,2
DA:72,2
DA:77,2
DA:80,2
DA:81,0
DA:85,2
DA:86,0
DA:87,0
DA:88,0
DA:89,0
DA:90,0
DA:91,0
DA:101,2
DA:102,2
DA:103,2
DA:107,0
DA:108,0
DA:109,0
DA:114,0
DA:118,0
DA:123,2
DA:124,2
DA:125,2
DA:126,2
DA:127,0
DA:128,0
DA:129,0
DA:131,0
DA:132,0
DA:133,0
DA:135,2
DA:136,0
DA:139,0
DA:145,0
DA:147,0
DA:148,0
DA:152,3
DA:156,0
DA:160,0
DA:161,0
DA:162,0
DA:164,0
DA:168,0
DA:172,1
DA:176,4
DA:181,2
DA:182,2
DA:184,2
DA:185,2
DA:186,2
DA:188,2
DA:190,2
DA:192,2
DA:193,2
DA:196,0
DA:199,0
DA:209,0
DA:212,0
DA:216,0
DA:218,0
DA:228,0
DA:229,0
DA:232,0
DA:234,0
DA:236,0
DA:237,0
DA:238,0
DA:244,0
DA:246,0
DA:247,0
DA:256,0
DA:257,0
DA:258,0
DA:263,0
DA:264,0
DA:266,0
DA:267,0
DA:268,0
DA:269,0
DA:271,0
DA:272,0
DA:273,0
DA:275,0
DA:276,0
DA:279,0
DA:280,0
DA:283,0
DA:284,0
DA:286,0
DA:290,0
DA:294,0
DA:295,0
DA:300,0
DA:304,0
DA:305,0
DA:307,0
DA:308,0
DA:310,0
DA:311,0
DA:312,0
DA:313,0
DA:314,0
DA:318,0
DA:324,0
DA:325,0
DA:328,0
DA:331,0
DA:332,0
DA:334,0
DA:335,0
DA:336,0
DA:339,0
DA:341,0
DA:349,0
DA:350,0
DA:351,0
DA:353,0
DA:358,0
DA:359,0
DA:360,0
DA:367,0
DA:370,0
DA:371,0
DA:374,0
DA:375,0
DA:377,0
DA:378,0
DA:381,0
DA:382,0
DA:383,0
DA:384,0
DA:385,0
DA:387,0
DA:388,0
DA:389,0
DA:390,0
DA:391,0
DA:392,0
DA:398,0
DA:399,0
DA:405,0
DA:409,0
DA:410,0
DA:433,0
DA:441,0
DA:442,0
DA:446,0
DA:457,0
DA:476,2
DA:477,0
DA:480,0
DA:481,0
DA:482,0
DA:483,0
DA:485,0
DA:491,0
DA:493,0
DA:498,0
DA:499,0
DA:500,0
DA:501,0
DA:503,0
DA:504,0
DA:505,0
DA:508,0
DA:509,0
DA:510,0
DA:511,0
DA:513,0
DA:514,0
DA:517,0
DA:518,0
DA:519,0
DA:521,0
DA:522,0
DA:525,0
DA:530,0
DA:536,0
DA:537,0
DA:541,0
DA:549,0
DA:550,0
DA:553,0
DA:558,0
DA:564,0
DA:566,0
DA:571,0
DA:572,0
DA:573,0
DA:574,0
DA:576,0
DA:577,0
DA:579,0
DA:580,0
DA:581,0
DA:583,0
DA:586,0
DA:587,0
DA:589,0
DA:590,0
DA:593,0
DA:596,0
DA:597,0
DA:599,0
DA:604,0
DA:606,0
DA:611,0
DA:612,0
DA:613,0
DA:614,0
DA:616,0
DA:617,0
DA:619,0
DA:620,0
DA:621,0
DA:624,0
DA:625,0
DA:627,0
DA:628,0
DA:631,0
DA:634,0
DA:645,0
DA:647,0
DA:649,0
DA:654,0
DA:655,0
DA:656,0
DA:657,0
DA:659,0
DA:660,0
DA:662,0
DA:663,0
DA:664,0
DA:667,0
DA:668,0
DA:669,0
DA:670,0
DA:671,0
DA:674,0
DA:675,0
DA:676,0
DA:677,0
DA:681,0
DA:683,0
DA:688,0
DA:690,0
DA:695,0
DA:696,0
DA:697,0
DA:698,0
DA:700,0
DA:701,0
DA:703,0
DA:704,0
DA:705,0
DA:708,0
DA:710,0
DA:716,0
DA:717,0
DA:720,0
DA:723,0
DA:724,0
DA:727,0
DA:730,0
DA:738,0
DA:739,0
DA:740,0
DA:741,0
DA:744,0
DA:746,0
DA:753,0
DA:755,0
DA:760,0
DA:761,0
DA:762,0
DA:763,0
DA:765,0
DA:766,0
DA:768,0
DA:769,0
DA:770,0
DA:773,0
DA:775,0
DA:776,0
DA:777,0
DA:778,0
DA:781,0
DA:782,0
DA:783,0
DA:784,0
DA:788,0
DA:790,0
DA:795,0
DA:797,0
DA:802,0
DA:803,0
DA:804,0
DA:805,0
DA:807,0
DA:808,0
DA:810,0
DA:812,0
DA:813,0
DA:814,0
DA:817,0
DA:818,0
DA:819,0
DA:822,0
DA:823,0
DA:826,0
DA:831,0
DA:834,0
DA:835,0
DA:836,0
DA:838,0
DA:840,0
DA:841,0
DA:842,0
DA:844,0
DA:845,0
DA:846,0
DA:849,0
DA:850,0
DA:851,0
DA:857,0
DA:858,0
DA:861,0
DA:862,0
DA:863,0
DA:865,0
DA:868,0
DA:869,0
DA:880,0
DA:881,0
DA:893,0
DA:896,0
DA:901,0
DA:905,0
DA:910,0
DA:911,0
DA:912,0
DA:913,0
DA:915,0
DA:916,0
DA:918,0
DA:919,0
DA:920,0
DA:923,0
DA:924,0
DA:925,0
DA:926,0
DA:929,0
DA:930,0
DA:931,0
DA:934,0
DA:936,0
DA:937,0
DA:940,0
DA:941,0
DA:942,0
DA:945,0
DA:948,0
DA:953,0
DA:954,0
DA:956,0
DA:957,0
DA:959,0
DA:965,0
DA:966,0
DA:968,0
DA:970,0
DA:976,0
DA:979,0
DA:981,0
DA:986,0
DA:987,0
DA:988,0
DA:989,0
DA:992,0
DA:993,0
DA:994,0
DA:995,0
DA:998,0
DA:1000,0
DA:1001,0
DA:1003,0
DA:1005,0
DA:1011,0
DA:1013,0
DA:1018,0
DA:1019,0
DA:1020,0
DA:1021,0
DA:1023,0
DA:1024,0
DA:1026,0
DA:1027,0
DA:1028,0
DA:1031,0
DA:1032,0
DA:1035,0
DA:1036,0
DA:1038,0
DA:1040,0
DA:1048,0
DA:1049,0
DA:1053,0
DA:1054,0
DA:1055,0
DA:1057,0
DA:1060,0
DA:1061,0
DA:1072,0
DA:1073,0
DA:1085,0
DA:1090,0
DA:1092,0
DA:1097,0
DA:1098,0
DA:1099,0
DA:1100,0
DA:1102,0
DA:1103,0
DA:1105,0
DA:1106,0
DA:1107,0
DA:1110,0
DA:1111,0
DA:1112,0
DA:1115,0
DA:1116,0
DA:1117,0
DA:1118,0
DA:1123,0
DA:1127,0
DA:1129,0
DA:1134,0
DA:1135,0
DA:1136,0
DA:1137,0
DA:1139,0
DA:1140,0
DA:1142,0
DA:1143,0
DA:1144,0
DA:1147,0
DA:1148,0
DA:1149,0
DA:1152,0
DA:1153,0
DA:1154,0
DA:1158,0
DA:1159,0
DA:1162,0
DA:1163,0
DA:1164,0
DA:1167,0
DA:1172,0
DA:1173,0
DA:1175,0
DA:1177,0
DA:1183,0
DA:1184,0
DA:1185,0
DA:1186,0
DA:1187,0
DA:1190,0
DA:1191,0
DA:1193,0
DA:1195,0
DA:1203,0
DA:1204,0
DA:1208,0
DA:1209,0
DA:1210,0
DA:1212,0
DA:1215,0
DA:1216,0
DA:1227,0
DA:1228,0
DA:1240,0
DA:1243,0
DA:1248,0
DA:1252,0
DA:1254,0
DA:1259,0
DA:1260,0
DA:1261,0
DA:1262,0
DA:1264,0
DA:1265,0
DA:1267,0
DA:1268,0
DA:1269,0
DA:1273,0
DA:1274,0
DA:1278,0
DA:1279,0
DA:1282,0
DA:1287,0
DA:1288,0
DA:1289,0
DA:1290,0
DA:1291,0
DA:1292,0
DA:1297,0
DA:1298,0
DA:1300,0
DA:1305,0
DA:1306,0
DA:1309,0
DA:1310,0
DA:1311,0
DA:1313,0
DA:1315,0
DA:1316,0
DA:1319,0
DA:1324,0
DA:1334,2
DA:1335,3
DA:1344,2
DA:1345,1
DA:1348,0
DA:1353,1
DA:1356,2
DA:1357,3
DA:1358,3
DA:1359,3
DA:1361,0
DA:1365,2
DA:1366,0
DA:1370,2
DA:1371,0
DA:1372,0
DA:1374,0
DA:1375,0
DA:1377,0
DA:1378,0
DA:1381,0
DA:1382,0
DA:1384,0
DA:1385,0
DA:1389,0
DA:1390,0
DA:1394,0
DA:1395,0
DA:1400,2
DA:1401,0
DA:1404,0
DA:1408,0
DA:1409,0
DA:1410,0
DA:1414,2
DA:1415,2
DA:1416,2
DA:1417,2
DA:1418,2
DA:1419,2
DA:1421,2
DA:1422,0
DA:1423,0
DA:1424,0
DA:1428,2
LF:593
LH:74
BRDA:7,0,0,2
BRDA:7,0,1,0
BRDA:18,1,0,2
BRDA:18,1,1,0
BRDA:19,2,0,2
BRDA:19,2,1,0
BRDA:25,3,0,2
BRDA:25,3,1,0
BRDA:30,4,0,2
BRDA:30,4,1,0
BRDA:31,5,0,2
BRDA:31,5,1,0
BRDA:32,6,0,2
BRDA:32,6,1,0
BRDA:33,7,0,2
BRDA:33,7,1,0
BRDA:36,8,0,2
BRDA:36,8,1,2
BRDA:40,9,0,2
BRDA:40,9,1,0
BRDA:51,10,0,0
BRDA:51,10,1,2
BRDA:80,11,0,0
BRDA:80,11,1,2
BRDA:85,12,0,0
BRDA:85,12,1,2
BRDA:100,13,0,0
BRDA:100,14,0,2
BRDA:100,15,0,2
BRDA:107,16,0,0
BRDA:107,16,1,0
BRDA:123,17,0,0
BRDA:123,17,1,2
BRDA:128,18,0,0
BRDA:128,18,1,0
BRDA:133,19,0,0
BRDA:133,19,1,0
BRDA:135,20,0,0
BRDA:135,20,1,2
BRDA:161,21,0,0
BRDA:161,21,1,0
BRDA:184,22,0,2
BRDA:184,22,1,0
BRDA:206,23,0,0
BRDA:206,24,0,0
BRDA:212,25,0,0
BRDA:212,25,1,0
BRDA:228,26,0,0
BRDA:228,26,1,0
BRDA:236,27,0,0
BRDA:236,27,1,0
BRDA:240,28,0,0
BRDA:240,28,1,0
BRDA:254,29,0,0
BRDA:257,30,0,0
BRDA:257,30,1,0
BRDA:275,31,0,0
BRDA:275,31,1,0
BRDA:280,32,0,0
BRDA:280,32,1,0
BRDA:283,33,0,0
BRDA:283,33,1,0
BRDA:283,34,0,0
BRDA:283,34,1,0
BRDA:305,35,0,0
BRDA:305,35,1,0
BRDA:305,36,0,0
BRDA:305,36,1,0
BRDA:312,37,0,0
BRDA:312,37,1,0
BRDA:324,38,0,0
BRDA:324,38,1,0
BRDA:332,39,0,0
BRDA:332,39,1,0
BRDA:349,40,0,0
BRDA:349,40,1,0
BRDA:358,41,0,0
BRDA:358,41,1,0
BRDA:359,42,0,0
BRDA:359,42,1,0
BRDA:367,43,0,0
BRDA:367,43,1,0
BRDA:377,44,0,0
BRDA:377,44,1,0
BRDA:377,45,0,0
BRDA:377,45,1,0
BRDA:381,46,0,0
BRDA:381,46,1,0
BRDA:383,47,0,0
BRDA:383,47,1,0
BRDA:384,48,0,0
BRDA:384,48,1,0
BRDA:390,49,0,0
BRDA:390,49,1,0
BRDA:391,50,0,0
BRDA:391,50,1,0
BRDA:392,51,0,0
BRDA:392,51,1,0
BRDA:398,52,0,0
BRDA:398,52,1,0
BRDA:398,53,0,0
BRDA:398,53,1,0
BRDA:452,54,0,0
BRDA:452,54,1,0
BRDA:463,55,0,0
BRDA:463,55,1,0
BRDA:468,56,0,0
BRDA:468,56,1,0
BRDA:470,57,0,0
BRDA:470,57,1,0
BRDA:471,58,0,0
BRDA:471,58,1,0
BRDA:498,59,0,0
BRDA:503,60,0,0
BRDA:503,60,1,0
BRDA:509,61,0,0
BRDA:509,61,1,0
BRDA:510,62,0,0
BRDA:510,62,1,0
BRDA:511,63,0,0
BRDA:511,63,1,0
BRDA:533,64,0,0
BRDA:533,64,1,0
BRDA:561,65,0,0
BRDA:561,65,1,0
BRDA:571,66,0,0
BRDA:574,67,0,0
BRDA:574,67,1,0
BRDA:579,68,0,0
BRDA:579,68,1,0
BRDA:589,69,0,0
BRDA:589,69,1,0
BRDA:600,70,0,0
BRDA:600,70,1,0
BRDA:614,71,0,0
BRDA:614,71,1,0
BRDA:614,72,0,0
BRDA:614,72,1,0
BRDA:619,73,0,0
BRDA:619,73,1,0
BRDA:627,74,0,0
BRDA:627,74,1,0
BRDA:634,75,0,0
BRDA:634,75,1,0
BRDA:637,76,0,0
BRDA:637,76,1,0
BRDA:638,77,0,0
BRDA:638,77,1,0
BRDA:639,78,0,0
BRDA:639,78,1,0
BRDA:640,79,0,0
BRDA:640,79,1,0
BRDA:641,80,0,0
BRDA:641,80,1,0
BRDA:642,81,0,0
BRDA:642,81,1,0
BRDA:657,82,0,0
BRDA:657,82,1,0
BRDA:662,83,0,0
BRDA:662,83,1,0
BRDA:674,84,0,0
BRDA:674,84,1,0
BRDA:698,85,0,0
BRDA:698,85,1,0
BRDA:698,86,0,0
BRDA:698,86,1,0
BRDA:698,86,2,0
BRDA:703,87,0,0
BRDA:703,87,1,0
BRDA:716,88,0,0
BRDA:716,88,1,0
BRDA:763,89,0,0
BRDA:763,89,1,0
BRDA:768,90,0,0
BRDA:768,90,1,0
BRDA:781,91,0,0
BRDA:781,91,1,0
BRDA:805,92,0,0
BRDA:805,92,1,0
BRDA:810,93,0,0
BRDA:810,93,1,0
BRDA:812,94,0,0
BRDA:812,94,1,0
BRDA:817,95,0,0
BRDA:817,95,1,0
BRDA:834,96,0,0
BRDA:834,96,1,0
BRDA:836,97,0,0
BRDA:836,97,1,0
BRDA:838,98,0,0
BRDA:838,98,1,0
BRDA:838,99,0,0
BRDA:838,99,1,0
BRDA:840,100,0,0
BRDA:840,100,1,0
BRDA:851,101,0,0
BRDA:851,101,1,0
BRDA:854,102,0,0
BRDA:854,102,1,0
BRDA:855,103,0,0
BRDA:855,103,1,0
BRDA:858,104,0,0
BRDA:858,104,1,0
BRDA:865,105,0,0
BRDA:865,105,1,0
BRDA:868,106,0,0
BRDA:868,106,1,0
BRDA:880,107,0,0
BRDA:880,107,1,0
BRDA:913,108,0,0
BRDA:913,108,1,0
BRDA:918,109,0,0
BRDA:918,109,1,0
BRDA:924,110,0,0
BRDA:924,110,1,0
BRDA:929,111,0,0
BRDA:929,111,1,0
BRDA:934,112,0,0
BRDA:934,112,1,0
BRDA:941,113,0,0
BRDA:941,113,1,0
BRDA:954,114,0,0
BRDA:954,114,1,0
BRDA:966,115,0,0
BRDA:966,115,1,0
BRDA:989,116,0,0
BRDA:989,116,1,0
BRDA:993,117,0,0
BRDA:993,117,1,0
BRDA:993,118,0,0
BRDA:993,118,1,0
BRDA:1000,119,0,0
BRDA:1000,119,1,0
BRDA:1007,120,0,0
BRDA:1007,120,1,0
BRDA:1011,121,0,0
BRDA:1011,121,1,0
BRDA:1021,122,0,0
BRDA:1021,122,1,0
BRDA:1026,123,0,0
BRDA:1026,123,1,0
BRDA:1039,124,0,0
BRDA:1039,124,1,0
BRDA:1043,125,0,0
BRDA:1043,125,1,0
BRDA:1044,126,0,0
BRDA:1044,126,1,0
BRDA:1049,127,0,0
BRDA:1049,127,1,0
BRDA:1057,128,0,0
BRDA:1057,128,1,0
BRDA:1060,129,0,0
BRDA:1060,129,1,0
BRDA:1072,130,0,0
BRDA:1072,130,1,0
BRDA:1100,131,0,0
BRDA:1100,131,1,0
BRDA:1105,132,0,0
BRDA:1105,132,1,0
BRDA:1115,133,0,0
BRDA:1115,133,1,0
BRDA:1137,134,0,0
BRDA:1137,134,1,0
BRDA:1142,135,0,0
BRDA:1142,135,1,0
BRDA:1147,136,0,0
BRDA:1147,136,1,0
BRDA:1152,137,0,0
BRDA:1152,137,1,0
BRDA:1158,138,0,0
BRDA:1158,138,1,0
BRDA:1175,139,0,0
BRDA:1175,139,1,0
BRDA:1194,140,0,0
BRDA:1194,140,1,0
BRDA:1198,141,0,0
BRDA:1198,141,1,0
BRDA:1199,142,0,0
BRDA:1199,142,1,0
BRDA:1204,143,0,0
BRDA:1204,143,1,0
BRDA:1212,144,0,0
BRDA:1212,144,1,0
BRDA:1215,145,0,0
BRDA:1215,145,1,0
BRDA:1227,146,0,0
BRDA:1227,146,1,0
BRDA:1262,147,0,0
BRDA:1262,147,1,0
BRDA:1267,148,0,0
BRDA:1267,148,1,0
BRDA:1273,149,0,0
BRDA:1273,149,1,0
BRDA:1278,150,0,0
BRDA:1278,150,1,0
BRDA:1288,151,0,0
BRDA:1288,151,1,0
BRDA:1291,152,0,0
BRDA:1291,152,1,0
BRDA:1313,153,0,0
BRDA:1313,153,1,0
BRDA:1358,154,0,3
BRDA:1358,154,1,0
BRDA:1375,155,0,0
BRDA:1375,155,1,0
BRDA:1377,156,0,0
BRDA:1377,156,1,0
BRDA:1381,157,0,0
BRDA:1381,157,1,0
BRDA:1389,158,0,0
BRDA:1389,158,1,0
BRDA:1394,159,0,0
BRDA:1394,159,1,0
BRDA:1394,160,0,0
BRDA:1394,160,1,0
BRDA:1421,161,0,0
BRDA:1421,161,1,2
BRF:317
BRH:21
end_of_record
TN:
SF:src/client/main.ts
FN:69,(anonymous_0)
FN:47,(anonymous_1)
FN:53,(anonymous_2)
FN:59,(anonymous_3)
FN:73,(anonymous_4)
FN:90,(anonymous_5)
FN:92,(anonymous_6)
FN:93,(anonymous_7)
FN:98,(anonymous_8)
FN:101,(anonymous_9)
FN:104,(anonymous_10)
FN:107,(anonymous_11)
FN:108,(anonymous_12)
FN:112,(anonymous_13)
FN:115,(anonymous_14)
FN:122,(anonymous_15)
FN:123,(anonymous_16)
FN:124,(anonymous_17)
FN:127,(anonymous_18)
FN:130,(anonymous_19)
FN:131,(anonymous_20)
FN:134,(anonymous_21)
FN:137,(anonymous_22)
FN:140,(anonymous_23)
FN:143,(anonymous_24)
FN:149,(anonymous_25)
FN:150,(anonymous_26)
FN:159,(anonymous_27)
FN:167,(anonymous_28)
FN:170,(anonymous_29)
FN:173,(anonymous_30)
FN:176,(anonymous_31)
FN:179,(anonymous_32)
FN:182,(anonymous_33)
FN:189,(anonymous_34)
FN:192,(anonymous_35)
FN:195,(anonymous_36)
FN:198,(anonymous_37)
FN:201,(anonymous_38)
FN:206,(anonymous_39)
FN:211,(anonymous_40)
FN:214,(anonymous_41)
FN:223,(anonymous_42)
FN:229,(anonymous_43)
FN:254,(anonymous_44)
FN:255,(anonymous_45)
FN:260,(anonymous_46)
FN:263,(anonymous_47)
FN:264,(anonymous_48)
FN:268,(anonymous_49)
FN:276,(anonymous_50)
FN:280,(anonymous_51)
FN:308,(anonymous_52)
FN:315,(anonymous_53)
FN:323,(anonymous_54)
FN:327,(anonymous_55)
FN:341,(anonymous_56)
FN:352,(anonymous_57)
FN:357,(anonymous_58)
FN:365,(anonymous_59)
FN:370,(anonymous_60)
FN:374,(anonymous_61)
FN:379,(anonymous_62)
FN:383,(anonymous_63)
FN:389,(anonymous_64)
FN:394,(anonymous_65)
FN:399,(anonymous_66)
FN:403,(anonymous_67)
FN:408,(anonymous_68)
FN:414,(anonymous_69)
FN:432,(anonymous_70)
FN:449,(anonymous_71)
FN:464,(anonymous_72)
FN:491,(anonymous_73)
FN:507,(anonymous_74)
FN:538,(anonymous_75)
FN:551,(anonymous_76)
FN:592,(anonymous_77)
FN:639,(anonymous_78)
FN:647,(anonymous_79)
FN:666,(anonymous_80)
FN:696,(anonymous_81)
FN:711,(anonymous_82)
FN:717,(anonymous_83)
FN:721,(anonymous_84)
FN:729,(anonymous_85)
FN:741,(anonymous_86)
FN:762,(anonymous_87)
FN:780,(anonymous_88)
FN:781,(anonymous_89)
FN:789,(anonymous_90)
FN:801,(anonymous_91)
FN:830,(anonymous_92)
FN:835,(anonymous_93)
FN:873,(anonymous_94)
FN:886,(anonymous_95)
FN:892,(anonymous_96)
FN:907,(anonymous_97)
FN:931,(anonymous_98)
FN:932,(anonymous_99)
FN:938,(anonymous_100)
FN:946,(anonymous_101)
FN:950,(anonymous_102)
FN:953,(anonymous_103)
FN:965,(anonymous_104)
FN:977,(anonymous_105)
FN:988,(anonymous_106)
FN:1047,(anonymous_107)
FN:1098,(anonymous_108)
FN:1120,(anonymous_109)
FN:1174,(anonymous_110)
FN:1201,(anonymous_111)
FN:1228,(anonymous_112)
FN:1247,(anonymous_113)
FN:1257,(anonymous_114)
FN:1267,(anonymous_115)
FN:1279,(anonymous_116)
FN:1304,(anonymous_117)
FN:1312,(anonymous_118)
FN:1320,(anonymous_119)
FN:1327,(anonymous_120)
FN:1328,(anonymous_121)
FN:1361,(anonymous_122)
FN:1371,(anonymous_123)
FN:1375,(anonymous_124)
FN:1378,(anonymous_125)
FN:1392,(anonymous_126)
FN:1397,(anonymous_127)
FN:1402,(anonymous_128)
FN:1412,(anonymous_129)
FN:1432,(anonymous_130)
FN:1440,(anonymous_131)
FN:1460,(anonymous_132)
FN:1474,(anonymous_133)
FN:1512,(anonymous_134)
FN:1532,(anonymous_135)
FN:1543,(anonymous_136)
FN:1550,(anonymous_137)
FN:1555,(anonymous_138)
FN:1571,(anonymous_139)
FN:1580,(anonymous_140)
FN:1589,(anonymous_141)
FN:1600,(anonymous_142)
FN:1629,(anonymous_143)
FN:1637,(anonymous_144)
FN:1645,(anonymous_145)
FN:1663,(anonymous_146)
FN:1720,(anonymous_147)
FN:1746,(anonymous_148)
FN:1751,(anonymous_149)
FN:1789,(anonymous_150)
FN:1796,(anonymous_151)
FN:1807,(anonymous_152)
FN:1824,(anonymous_153)
FN:1835,(anonymous_154)
FN:1854,(anonymous_155)
FN:1862,(anonymous_156)
FN:1899,(anonymous_157)
FN:1899,(anonymous_158)
FN:1913,(anonymous_159)
FN:1928,(anonymous_160)
FN:1933,(anonymous_161)
FN:1960,(anonymous_162)
FN:1976,(anonymous_163)
FN:1976,(anonymous_164)
FN:1992,(anonymous_165)
FN:2004,(anonymous_166)
FN:2019,(anonymous_167)
FN:2029,(anonymous_168)
FN:2042,(anonymous_169)
FN:2060,(anonymous_170)
FN:2070,(anonymous_171)
FN:2079,(anonymous_172)
FN:2139,(anonymous_173)
FN:2146,(anonymous_174)
FN:2164,(anonymous_175)
FN:2179,(anonymous_176)
FN:2192,(anonymous_177)
FN:2200,(anonymous_178)
FN:2203,(anonymous_179)
FN:2223,(anonymous_180)
FN:2258,(anonymous_181)
FN:2290,(anonymous_182)
FN:2292,(anonymous_183)
FN:2301,(anonymous_184)
FN:2307,(anonymous_185)
FN:2311,(anonymous_186)
FN:2315,(anonymous_187)
FN:2331,(anonymous_188)
FN:2332,(anonymous_189)
FN:2333,(anonymous_190)
FN:2334,(anonymous_191)
FN:2357,(anonymous_192)
FN:2363,(anonymous_193)
FN:2367,(anonymous_194)
FN:2375,(anonymous_195)
FN:2390,(anonymous_196)
FN:2394,(anonymous_197)
FN:2395,(anonymous_198)
FN:2396,(anonymous_199)
FN:2397,(anonymous_200)
FN:2406,(anonymous_201)
FN:2425,(anonymous_202)
FN:2440,(anonymous_203)
FN:2442,(anonymous_204)
FN:2447,(anonymous_205)
FN:2448,(anonymous_206)
FN:2453,(anonymous_207)
FN:2456,(anonymous_208)
FN:2465,(anonymous_209)
FN:2466,(anonymous_210)
FN:2474,(anonymous_211)
FN:2478,(anonymous_212)
FN:2479,(anonymous_213)
FN:2502,(anonymous_214)
FN:2545,(anonymous_215)
FN:2559,(anonymous_216)
FN:2575,(anonymous_217)
FN:2634,(anonymous_218)
FN:2639,(anonymous_219)
FN:2648,(anonymous_220)
FN:2653,(anonymous_221)
FN:2656,(anonymous_222)
FN:2684,(anonymous_223)
FN:2703,(anonymous_224)
FN:2709,(anonymous_225)
FN:2727,(anonymous_226)
FN:2749,(anonymous_227)
FN:2760,(anonymous_228)
FN:2762,(anonymous_229)
FN:2772,roundToNearestFibonacci
FN:2798,(anonymous_231)
FN:2804,(anonymous_232)
FNF:233
FNH:0
FNDA:0,(anonymous_0)
FNDA:0,(anonymous_1)
FNDA:0,(anonymous_2)
FNDA:0,(anonymous_3)
FNDA:0,(anonymous_4)
FNDA:0,(anonymous_5)
FNDA:0,(anonymous_6)
FNDA:0,(anonymous_7)
FNDA:0,(anonymous_8)
FNDA:0,(anonymous_9)
FNDA:0,(anonymous_10)
FNDA:0,(anonymous_11)
FNDA:0,(anonymous_12)
FNDA:0,(anonymous_13)
FNDA:0,(anonymous_14)
FNDA:0,(anonymous_15)
FNDA:0,(anonymous_16)
FNDA:0,(anonymous_17)
FNDA:0,(anonymous_18)
FNDA:0,(anonymous_19)
FNDA:0,(anonymous_20)
FNDA:0,(anonymous_21)
FNDA:0,(anonymous_22)
FNDA:0,(anonymous_23)
FNDA:0,(anonymous_24)
FNDA:0,(anonymous_25)
FNDA:0,(anonymous_26)
FNDA:0,(anonymous_27)
FNDA:0,(anonymous_28)
FNDA:0,(anonymous_29)
FNDA:0,(anonymous_30)
FNDA:0,(anonymous_31)
FNDA:0,(anonymous_32)
FNDA:0,(anonymous_33)
FNDA:0,(anonymous_34)
FNDA:0,(anonymous_35)
FNDA:0,(anonymous_36)
FNDA:0,(anonymous_37)
FNDA:0,(anonymous_38)
FNDA:0,(anonymous_39)
FNDA:0,(anonymous_40)
FNDA:0,(anonymous_41)
FNDA:0,(anonymous_42)
FNDA:0,(anonymous_43)
FNDA:0,(anonymous_44)
FNDA:0,(anonymous_45)
FNDA:0,(anonymous_46)
FNDA:0,(anonymous_47)
FNDA:0,(anonymous_48)
FNDA:0,(anonymous_49)
FNDA:0,(anonymous_50)
FNDA:0,(anonymous_51)
FNDA:0,(anonymous_52)
FNDA:0,(anonymous_53)
FNDA:0,(anonymous_54)
FNDA:0,(anonymous_55)
FNDA:0,(anonymous_56)
FNDA:0,(anonymous_57)
FNDA:0,(anonymous_58)
FNDA:0,(anonymous_59)
FNDA:0,(anonymous_60)
FNDA:0,(anonymous_61)
FNDA:0,(anonymous_62)
FNDA:0,(anonymous_63)
FNDA:0,(anonymous_64)
FNDA:0,(anonymous_65)
FNDA:0,(anonymous_66)
FNDA:0,(anonymous_67)
FNDA:0,(anonymous_68)
FNDA:0,(anonymous_69)
FNDA:0,(anonymous_70)
FNDA:0,(anonymous_71)
FNDA:0,(anonymous_72)
FNDA:0,(anonymous_73)
FNDA:0,(anonymous_74)
FNDA:0,(anonymous_75)
FNDA:0,(anonymous_76)
FNDA:0,(anonymous_77)
FNDA:0,(anonymous_78)
FNDA:0,(anonymous_79)
FNDA:0,(anonymous_80)
FNDA:0,(anonymous_81)
FNDA:0,(anonymous_82)
FNDA:0,(anonymous_83)
FNDA:0,(anonymous_84)
FNDA:0,(anonymous_85)
FNDA:0,(anonymous_86)
FNDA:0,(anonymous_87)
FNDA:0,(anonymous_88)
FNDA:0,(anonymous_89)
FNDA:0,(anonymous_90)
FNDA:0,(anonymous_91)
FNDA:0,(anonymous_92)
FNDA:0,(anonymous_93)
FNDA:0,(anonymous_94)
FNDA:0,(anonymous_95)
FNDA:0,(anonymous_96)
FNDA:0,(anonymous_97)
FNDA:0,(anonymous_98)
FNDA:0,(anonymous_99)
FNDA:0,(anonymous_100)
FNDA:0,(anonymous_101)
FNDA:0,(anonymous_102)
FNDA:0,(anonymous_103)
FNDA:0,(anonymous_104)
FNDA:0,(anonymous_105)
FNDA:0,(anonymous_106)
FNDA:0,(anonymous_107)
FNDA:0,(anonymous_108)
FNDA:0,(anonymous_109)
FNDA:0,(anonymous_110)
FNDA:0,(anonymous_111)
FNDA:0,(anonymous_112)
FNDA:0,(anonymous_113)
FNDA:0,(anonymous_114)
FNDA:0,(anonymous_115)
FNDA:0,(anonymous_116)
FNDA:0,(anonymous_117)
FNDA:0,(anonymous_118)
FNDA:0,(anonymous_119)
FNDA:0,(anonymous_120)
FNDA:0,(anonymous_121)
FNDA:0,(anonymous_122)
FNDA:0,(anonymous_123)
FNDA:0,(anonymous_124)
FNDA:0,(anonymous_125)
FNDA:0,(anonymous_126)
FNDA:0,(anonymous_127)
FNDA:0,(anonymous_128)
FNDA:0,(anonymous_129)
FNDA:0,(anonymous_130)
FNDA:0,(anonymous_131)
FNDA:0,(anonymous_132)
FNDA:0,(anonymous_133)
FNDA:0,(anonymous_134)
FNDA:0,(anonymous_135)
FNDA:0,(anonymous_136)
FNDA:0,(anonymous_137)
FNDA:0,(anonymous_138)
FNDA:0,(anonymous_139)
FNDA:0,(anonymous_140)
FNDA:0,(anonymous_141)
FNDA:0,(anonymous_142)
FNDA:0,(anonymous_143)
FNDA:0,(anonymous_144)
FNDA:0,(anonymous_145)
FNDA:0,(anonymous_146)
FNDA:0,(anonymous_147)
FNDA:0,(anonymous_148)
FNDA:0,(anonymous_149)
FNDA:0,(anonymous_150)
FNDA:0,(anonymous_151)
FNDA:0,(anonymous_152)
FNDA:0,(anonymous_153)
FNDA:0,(anonymous_154)
FNDA:0,(anonymous_155)
FNDA:0,(anonymous_156)
FNDA:0,(anonymous_157)
FNDA:0,(anonymous_158)
FNDA:0,(anonymous_159)
FNDA:0,(anonymous_160)
FNDA:0,(anonymous_161)
FNDA:0,(anonymous_162)
FNDA:0,(anonymous_163)
FNDA:0,(anonymous_164)
FNDA:0,(anonymous_165)
FNDA:0,(anonymous_166)
FNDA:0,(anonymous_167)
FNDA:0,(anonymous_168)
FNDA:0,(anonymous_169)
FNDA:0,(anonymous_170)
FNDA:0,(anonymous_171)
FNDA:0,(anonymous_172)
FNDA:0,(anonymous_173)
FNDA:0,(anonymous_174)
FNDA:0,(anonymous_175)
FNDA:0,(anonymous_176)
FNDA:0,(anonymous_177)
FNDA:0,(anonymous_178)
FNDA:0,(anonymous_179)
FNDA:0,(anonymous_180)
FNDA:0,(anonymous_181)
FNDA:0,(anonymous_182)
FNDA:0,(anonymous_183)
FNDA:0,(anonymous_184)
FNDA:0,(anonymous_185)
FNDA:0,(anonymous_186)
FNDA:0,(anonymous_187)
FNDA:0,(anonymous_188)
FNDA:0,(anonymous_189)
FNDA:0,(anonymous_190)
FNDA:0,(anonymous_191)
FNDA:0,(anonymous_192)
FNDA:0,(anonymous_193)
FNDA:0,(anonymous_194)
FNDA:0,(anonymous_195)
FNDA:0,(anonymous_196)
FNDA:0,(anonymous_197)
FNDA:0,(anonymous_198)
FNDA:0,(anonymous_199)
FNDA:0,(anonymous_200)
FNDA:0,(anonymous_201)
FNDA:0,(anonymous_202)
FNDA:0,(anonymous_203)
FNDA:0,(anonymous_204)
FNDA:0,(anonymous_205)
FNDA:0,(anonymous_206)
FNDA:0,(anonymous_207)
FNDA:0,(anonymous_208)
FNDA:0,(anonymous_209)
FNDA:0,(anonymous_210)
FNDA:0,(anonymous_211)
FNDA:0,(anonymous_212)
FNDA:0,(anonymous_213)
FNDA:0,(anonymous_214)
FNDA:0,(anonymous_215)
FNDA:0,(anonymous_216)
FNDA:0,(anonymous_217)
FNDA:0,(anonymous_218)
FNDA:0,(anonymous_219)
FNDA:0,(anonymous_220)
FNDA:0,(anonymous_221)
FNDA:0,(anonymous_222)
FNDA:0,(anonymous_223)
FNDA:0,(anonymous_224)
FNDA:0,(anonymous_225)
FNDA:0,(anonymous_226)
FNDA:0,(anonymous_227)
FNDA:0,(anonymous_228)
FNDA:0,(anonymous_229)
FNDA:0,roundToNearestFibonacci
FNDA:0,(anonymous_231)
FNDA:0,(anonymous_232)
DA:1,0
DA:2,0
DA:3,0
DA:4,0
DA:12,0
DA:24,0
DA:25,0
DA:31,0
DA:32,0
DA:41,0
DA:44,0
DA:47,0
DA:48,0
DA:49,0
DA:50,0
DA:53,0
DA:54,0
DA:55,0
DA:56,0
DA:59,0
DA:60,0
DA:61,0
DA:62,0
DA:63,0
DA:64,0
DA:65,0
DA:70,0
DA:75,0
DA:77,0
DA:78,0
DA:79,0
DA:80,0
DA:81,0
DA:82,0
DA:84,0
DA:87,0
DA:92,0
DA:93,0
DA:96,0
DA:98,0
DA:99,0
DA:101,0
DA:102,0
DA:104,0
DA:107,0
DA:108,0
DA:110,0
DA:112,0
DA:115,0
DA:116,0
DA:117,0
DA:120,0
DA:122,0
DA:123,0
DA:124,0
DA:125,0
DA:127,0
DA:128,0
DA:130,0
DA:131,0
DA:132,0
DA:134,0
DA:135,0
DA:137,0
DA:138,0
DA:140,0
DA:143,0
DA:144,0
DA:145,0
DA:149,0
DA:150,0
DA:151,0
DA:152,0
DA:153,0
DA:159,0
DA:160,0
DA:161,0
DA:165,0
DA:167,0
DA:168,0
DA:170,0
DA:171,0
DA:173,0
DA:174,0
DA:176,0
DA:177,0
DA:179,0
DA:182,0
DA:183,0
DA:184,0
DA:187,0
DA:189,0
DA:190,0
DA:192,0
DA:193,0
DA:195,0
DA:196,0
DA:198,0
DA:201,0
DA:202,0
DA:203,0
DA:206,0
DA:207,0
DA:209,0
DA:211,0
DA:214,0
DA:215,0
DA:216,0
DA:217,0
DA:218,0
DA:223,0
DA:224,0
DA:225,0
DA:229,0
DA:230,0
DA:231,0
DA:233,0
DA:234,0
DA:235,0
DA:236,0
DA:237,0
DA:238,0
DA:244,0
DA:247,0
DA:252,0
DA:253,0
DA:254,0
DA:255,0
DA:258,0
DA:260,0
DA:264,0
DA:265,0
DA:268,0
DA:269,0
DA:270,0
DA:271,0
DA:272,0
DA:276,0
DA:277,0
DA:280,0
DA:281,0
DA:283,0
DA:286,0
DA:287,0
DA:288,0
DA:289,0
DA:291,0
DA:292,0
DA:293,0
DA:294,0
DA:295,0
DA:296,0
DA:297,0
DA:299,0
DA:300,0
DA:301,0
DA:306,0
DA:309,0
DA:310,0
DA:311,0
DA:315,0
DA:317,0
DA:318,0
DA:319,0
DA:323,0
DA:324,0
DA:327,0
DA:328,0
DA:329,0
DA:332,0
DA:334,0
DA:337,0
DA:341,0
DA:342,0
DA:343,0
DA:345,0
DA:346,0
DA:347,0
DA:348,0
DA:349,0
DA:352,0
DA:353,0
DA:354,0
DA:357,0
DA:358,0
DA:359,0
DA:360,0
DA:361,0
DA:365,0
DA:366,0
DA:367,0
DA:370,0
DA:371,0
DA:374,0
DA:375,0
DA:376,0
DA:379,0
DA:380,0
DA:383,0
DA:384,0
DA:385,0
DA:389,0
DA:390,0
DA:391,0
DA:394,0
DA:395,0
DA:396,0
DA:399,0
DA:400,0
DA:403,0
DA:404,0
DA:405,0
DA:408,0
DA:409,0
DA:410,0
DA:415,0
DA:416,0
DA:417,0
DA:418,0
DA:421,0
DA:422,0
DA:423,0
DA:424,0
DA:425,0
DA:426,0
DA:427,0
DA:428,0
DA:433,0
DA:434,0
DA:436,0
DA:437,0
DA:438,0
DA:444,0
DA:445,0
DA:450,0
DA:451,0
DA:453,0
DA:454,0
DA:455,0
DA:458,0
DA:459,0
DA:460,0
DA:461,0
DA:465,0
DA:466,0
DA:467,0
DA:469,0
DA:470,0
DA:471,0
DA:474,0
DA:475,0
DA:476,0
DA:479,0
DA:480,0
DA:482,0
DA:483,0
DA:488,0
DA:492,0
DA:494,0
DA:507,0
DA:508,0
DA:509,0
DA:516,0
DA:517,0
DA:520,0
DA:521,0
DA:522,0
DA:525,0
DA:526,0
DA:527,0
DA:533,0
DA:534,0
DA:535,0
DA:536,0
DA:538,0
DA:539,0
DA:540,0
DA:541,0
DA:544,0
DA:545,0
DA:547,0
DA:548,0
DA:549,0
DA:551,0
DA:552,0
DA:553,0
DA:554,0
DA:557,0
DA:561,0
DA:562,0
DA:563,0
DA:565,0
DA:566,0
DA:569,0
DA:572,0
DA:573,0
DA:574,0
DA:575,0
DA:578,0
DA:579,0
DA:582,0
DA:584,0
DA:588,0
DA:593,0
DA:595,0
DA:596,0
DA:597,0
DA:598,0
DA:604,0
DA:605,0
DA:610,0
DA:611,0
DA:612,0
DA:613,0
DA:615,0
DA:617,0
DA:620,0
DA:621,0
DA:622,0
DA:625,0
DA:626,0
DA:628,0
DA:629,0
DA:630,0
DA:634,0
DA:635,0
DA:640,0
DA:641,0
DA:643,0
DA:644,0
DA:648,0
DA:649,0
DA:651,0
DA:653,0
DA:654,0
DA:655,0
DA:657,0
DA:658,0
DA:660,0
DA:661,0
DA:662,0
DA:667,0
DA:668,0
DA:669,0
DA:670,0
DA:671,0
DA:673,0
DA:674,0
DA:675,0
DA:678,0
DA:680,0
DA:681,0
DA:683,0
DA:686,0
DA:687,0
DA:689,0
DA:690,0
DA:692,0
DA:693,0
DA:697,0
DA:699,0
DA:700,0
DA:701,0
DA:702,0
DA:703,0
DA:705,0
DA:706,0
DA:707,0
DA:712,0
DA:713,0
DA:715,0
DA:717,0
DA:718,0
DA:721,0
DA:722,0
DA:723,0
DA:724,0
DA:725,0
DA:730,0
DA:731,0
DA:732,0
DA:734,0
DA:735,0
DA:737,0
DA:738,0
DA:742,0
DA:743,0
DA:744,0
DA:746,0
DA:748,0
DA:750,0
DA:751,0
DA:753,0
DA:754,0
DA:758,0
DA:759,0
DA:760,0
DA:761,0
DA:763,0
DA:773,0
DA:774,0
DA:776,0
DA:777,0
DA:780,0
DA:781,0
DA:783,0
DA:784,0
DA:785,0
DA:787,0
DA:789,0
DA:790,0
DA:791,0
DA:795,0
DA:796,0
DA:797,0
DA:799,0
DA:801,0
DA:802,0
DA:803,0
DA:807,0
DA:808,0
DA:809,0
DA:812,0
DA:813,0
DA:814,0
DA:818,0
DA:821,0
DA:824,0
DA:825,0
DA:826,0
DA:831,0
DA:832,0
DA:834,0
DA:835,0
DA:837,0
DA:838,0
DA:839,0
DA:843,0
DA:844,0
DA:845,0
DA:848,0
DA:849,0
DA:854,0
DA:855,0
DA:859,0
DA:862,0
DA:863,0
DA:866,0
DA:873,0
DA:874,0
DA:875,0
DA:879,0
DA:880,0
DA:881,0
DA:883,0
DA:887,0
DA:888,0
DA:889,0
DA:892,0
DA:893,0
DA:896,0
DA:897,0
DA:899,0
DA:900,0
DA:901,0
DA:908,0
DA:910,0
DA:911,0
DA:912,0
DA:915,0
DA:916,0
DA:917,0
DA:920,0
DA:921,0
DA:922,0
DA:925,0
DA:926,0
DA:927,0
DA:928,0
DA:932,0
DA:933,0
DA:936,0
DA:937,0
DA:938,0
DA:940,0
DA:941,0
DA:947,0
DA:950,0
DA:951,0
DA:953,0
DA:954,0
DA:955,0
DA:956,0
DA:958,0
DA:959,0
DA:966,0
DA:967,0
DA:968,0
DA:969,0
DA:970,0
DA:971,0
DA:972,0
DA:973,0
DA:978,0
DA:979,0
DA:980,0
DA:981,0
DA:984,0
DA:985,0
DA:989,0
DA:994,0
DA:995,0
DA:996,0
DA:998,0
DA:999,0
DA:1000,0
DA:1003,0
DA:1006,0
DA:1007,0
DA:1008,0
DA:1011,0
DA:1012,0
DA:1016,0
DA:1017,0
DA:1018,0
DA:1020,0
DA:1023,0
DA:1024,0
DA:1025,0
DA:1027,0
DA:1031,0
DA:1032,0
DA:1035,0
DA:1036,0
DA:1040,0
DA:1047,0
DA:1048,0
DA:1049,0
DA:1053,0
DA:1054,0
DA:1055,0
DA:1058,0
DA:1059,0
DA:1060,0
DA:1062,0
DA:1063,0
DA:1064,0
DA:1065,0
DA:1069,0
DA:1070,0
DA:1071,0
DA:1072,0
DA:1073,0
DA:1076,0
DA:1077,0
DA:1078,0
DA:1080,0
DA:1082,0
DA:1083,0
DA:1085,0
DA:1086,0
DA:1087,0
DA:1090,0
DA:1092,0
DA:1094,0
DA:1099,0
DA:1100,0
DA:1102,0
DA:1104,0
DA:1105,0
DA:1106,0
DA:1108,0
DA:1111,0
DA:1112,0
DA:1113,0
DA:1115,0
DA:1121,0
DA:1122,0
DA:1123,0
DA:1124,0
DA:1125,0
DA:1127,0
DA:1130,0
DA:1131,0
DA:1134,0
DA:1137,0
DA:1174,0
DA:1201,0
DA:1223,0
DA:1224,0
DA:1225,0
DA:1229,0
DA:1230,0
DA:1231,0
DA:1233,0
DA:1235,0
DA:1236,0
DA:1238,0
DA:1239,0
DA:1240,0
DA:1243,0
DA:1244,0
DA:1248,0
DA:1249,0
DA:1251,0
DA:1253,0
DA:1254,0
DA:1258,0
DA:1259,0
DA:1261,0
DA:1263,0
DA:1264,0
DA:1268,0
DA:1269,0
DA:1271,0
DA:1275,0
DA:1276,0
DA:1280,0
DA:1281,0
DA:1283,0
DA:1284,0
DA:1285,0
DA:1286,0
DA:1288,0
DA:1291,0
DA:1292,0
DA:1295,0
DA:1296,0
DA:1297,0
DA:1299,0
DA:1301,0
DA:1304,0
DA:1305,0
DA:1306,0
DA:1307,0
DA:1313,0
DA:1314,0
DA:1315,0
DA:1317,0
DA:1320,0
DA:1321,0
DA:1324,0
DA:1327,0
DA:1329,0
DA:1330,0
DA:1333,0
DA:1334,0
DA:1335,0
DA:1336,0
DA:1337,0
DA:1338,0
DA:1340,0
DA:1344,0
DA:1348,0
DA:1358,0
DA:1362,0
DA:1372,0
DA:1373,0
DA:1375,0
DA:1378,0
DA:1379,0
DA:1380,0
DA:1381,0
DA:1383,0
DA:1384,0
DA:1385,0
DA:1386,0
DA:1387,0
DA:1393,0
DA:1394,0
DA:1398,0
DA:1399,0
DA:1403,0
DA:1404,0
DA:1405,0
DA:1406,0
DA:1409,0
DA:1413,0
DA:1414,0
DA:1415,0
DA:1417,0
DA:1419,0
DA:1420,0
DA:1422,0
DA:1423,0
DA:1425,0
DA:1426,0
DA:1428,0
DA:1433,0
DA:1434,0
DA:1435,0
DA:1436,0
DA:1441,0
DA:1442,0
DA:1443,0
DA:1445,0
DA:1446,0
DA:1447,0
DA:1448,0
DA:1450,0
DA:1451,0
DA:1455,0
DA:1456,0
DA:1461,0
DA:1462,0
DA:1463,0
DA:1466,0
DA:1467,0
DA:1468,0
DA:1470,0
DA:1471,0
DA:1472,0
DA:1474,0
DA:1475,0
DA:1476,0
DA:1477,0
DA:1492,0
DA:1493,0
DA:1494,0
DA:1495,0
DA:1496,0
DA:1499,0
DA:1500,0
DA:1501,0
DA:1504,0
DA:1505,0
DA:1507,0
DA:1508,0
DA:1513,0
DA:1514,0
DA:1516,0
DA:1517,0
DA:1518,0
DA:1521,0
DA:1522,0
DA:1523,0
DA:1526,0
DA:1527,0
DA:1529,0
DA:1533,0
DA:1534,0
DA:1535,0
DA:1536,0
DA:1539,0
DA:1540,0
DA:1544,0
DA:1545,0
DA:1546,0
DA:1547,0
DA:1551,0
DA:1556,0
DA:1557,0
DA:1558,0
DA:1559,0
DA:1562,0
DA:1563,0
DA:1564,0
DA:1565,0
DA:1566,0
DA:1567,0
DA:1572,0
DA:1573,0
DA:1574,0
DA:1575,0
DA:1576,0
DA:1581,0
DA:1582,0
DA:1584,0
DA:1585,0
DA:1590,0
DA:1591,0
DA:1592,0
DA:1593,0
DA:1597,0
DA:1601,0
DA:1602,0
DA:1603,0
DA:1605,0
DA:1606,0
DA:1607,0
DA:1609,0
DA:1610,0
DA:1611,0
DA:1614,0
DA:1615,0
DA:1616,0
DA:1620,0
DA:1621,0
DA:1622,0
DA:1624,0
DA:1630,0
DA:1631,0
DA:1632,0
DA:1633,0
DA:1638,0
DA:1639,0
DA:1640,0
DA:1641,0
DA:1646,0
DA:1647,0
DA:1649,0
DA:1651,0
DA:1653,0
DA:1654,0
DA:1656,0
DA:1657,0
DA:1658,0
DA:1661,0
DA:1663,0
DA:1664,0
DA:1665,0
DA:1667,0
DA:1670,0
DA:1671,0
DA:1672,0
DA:1673,0
DA:1676,0
DA:1680,0
DA:1713,0
DA:1716,0
DA:1717,0
DA:1721,0
DA:1722,0
DA:1723,0
DA:1724,0
DA:1726,0
DA:1727,0
DA:1728,0
DA:1729,0
DA:1732,0
DA:1733,0
DA:1734,0
DA:1735,0
DA:1736,0
DA:1739,0
DA:1741,0
DA:1743,0
DA:1744,0
DA:1745,0
DA:1746,0
DA:1747,0
DA:1748,0
DA:1751,0
DA:1752,0
DA:1753,0
DA:1754,0
DA:1755,0
DA:1757,0
DA:1758,0
DA:1759,0
DA:1765,0
DA:1784,0
DA:1785,0
DA:1786,0
DA:1788,0
DA:1789,0
DA:1790,0
DA:1791,0
DA:1792,0
DA:1794,0
DA:1796,0
DA:1797,0
DA:1798,0
DA:1799,0
DA:1807,0
DA:1808,0
DA:1809,0
DA:1810,0
DA:1811,0
DA:1813,0
DA:1815,0
DA:1818,0
DA:1821,0
DA:1825,0
DA:1826,0
DA:1827,0
DA:1828,0
DA:1829,0
DA:1836,0
DA:1838,0
DA:1839,0
DA:1840,0
DA:1843,0
DA:1853,0
DA:1854,0
DA:1855,0
DA:1856,0
DA:1859,0
DA:1860,0
DA:1862,0
DA:1863,0
DA:1866,0
DA:1867,0
DA:1868,0
DA:1869,0
DA:1870,0
DA:1873,0
DA:1875,0
DA:1876,0
DA:1877,0
DA:1879,0
DA:1880,0
DA:1881,0
DA:1885,0
DA:1888,0
DA:1889,0
DA:1891,0
DA:1892,0
DA:1893,0
DA:1894,0
DA:1895,0
DA:1898,0
DA:1899,0
DA:1902,0
DA:1903,0
DA:1904,0
DA:1905,0
DA:1906,0
DA:1907,0
DA:1908,0
DA:1909,0
DA:1910,0
DA:1914,0
DA:1916,0
DA:1917,0
DA:1918,0
DA:1921,0
DA:1922,0
DA:1925,0
DA:1926,0
DA:1927,0
DA:1928,0
DA:1929,0
DA:1930,0
DA:1933,0
DA:1934,0
DA:1935,0
DA:1936,0
DA:1937,0
DA:1938,0
DA:1939,0
DA:1940,0
DA:1947,0
DA:1948,0
DA:1957,0
DA:1958,0
DA:1960,0
DA:1961,0
DA:1962,0
DA:1966,0
DA:1976,0
DA:1979,0
DA:1980,0
DA:1981,0
DA:1982,0
DA:1983,0
DA:1984,0
DA:1985,0
DA:1986,0
DA:1987,0
DA:1989,0
DA:1993,0
DA:1994,0
DA:1995,0
DA:1997,0
DA:2000,0
DA:2003,0
DA:2004,0
DA:2006,0
DA:2007,0
DA:2008,0
DA:2010,0
DA:2014,0
DA:2015,0
DA:2019,0
DA:2021,0
DA:2025,0
DA:2030,0
DA:2031,0
DA:2033,0
DA:2035,0
DA:2036,0
DA:2037,0
DA:2039,0
DA:2043,0
DA:2044,0
DA:2046,0
DA:2048,0
DA:2049,0
DA:2052,0
DA:2054,0
DA:2055,0
DA:2056,0
DA:2057,0
DA:2060,0
DA:2061,0
DA:2062,0
DA:2064,0
DA:2065,0
DA:2066,0
DA:2071,0
DA:2072,0
DA:2074,0
DA:2075,0
DA:2080,0
DA:2081,0
DA:2083,0
DA:2086,0
DA:2087,0
DA:2090,0
DA:2091,0
DA:2092,0
DA:2093,0
DA:2095,0
DA:2097,0
DA:2098,0
DA:2099,0
DA:2100,0
DA:2101,0
DA:2103,0
DA:2109,0
DA:2110,0
DA:2112,0
DA:2113,0
DA:2115,0
DA:2116,0
DA:2119,0
DA:2120,0
DA:2121,0
DA:2123,0
DA:2124,0
DA:2127,0
DA:2130,0
DA:2133,0
DA:2134,0
DA:2135,0
DA:2140,0
DA:2141,0
DA:2143,0
DA:2145,0
DA:2146,0
DA:2148,0
DA:2149,0
DA:2150,0
DA:2153,0
DA:2155,0
DA:2156,0
DA:2157,0
DA:2158,0
DA:2160,0
DA:2165,0
DA:2166,0
DA:2167,0
DA:2169,0
DA:2172,0
DA:2173,0
DA:2174,0
DA:2175,0
DA:2180,0
DA:2181,0
DA:2183,0
DA:2184,0
DA:2185,0
DA:2193,0
DA:2194,0
DA:2195,0
DA:2196,0
DA:2198,0
DA:2200,0
DA:2201,0
DA:2203,0
DA:2204,0
DA:2207,0
DA:2208,0
DA:2209,0
DA:2210,0
DA:2211,0
DA:2213,0
DA:2214,0
DA:2215,0
DA:2216,0
DA:2224,0
DA:2225,0
DA:2226,0
DA:2228,0
DA:2229,0
DA:2230,0
DA:2232,0
DA:2235,0
DA:2237,0
DA:2238,0
DA:2239,0
DA:2240,0
DA:2242,0
DA:2243,0
DA:2244,0
DA:2245,0
DA:2246,0
DA:2248,0
DA:2249,0
DA:2250,0
DA:2251,0
DA:2259,0
DA:2260,0
DA:2263,0
DA:2265,0
DA:2268,0
DA:2269,0
DA:2273,0
DA:2274,0
DA:2275,0
DA:2276,0
DA:2279,0
DA:2280,0
DA:2281,0
DA:2284,0
DA:2291,0
DA:2292,0
DA:2293,0
DA:2294,0
DA:2295,0
DA:2302,0
DA:2303,0
DA:2308,0
DA:2313,0
DA:2315,0
DA:2317,0
DA:2320,0
DA:2321,0
DA:2322,0
DA:2323,0
DA:2325,0
DA:2326,0
DA:2327,0
DA:2328,0
DA:2331,0
DA:2332,0
DA:2333,0
DA:2334,0
DA:2337,0
DA:2338,0
DA:2339,0
DA:2340,0
DA:2342,0
DA:2343,0
DA:2344,0
DA:2345,0
DA:2348,0
DA:2349,0
DA:2350,0
DA:2351,0
DA:2352,0
DA:2353,0
DA:2354,0
DA:2355,0
DA:2357,0
DA:2359,0
DA:2360,0
DA:2363,0
DA:2367,0
DA:2368,0
DA:2369,0
DA:2370,0
DA:2375,0
DA:2380,0
DA:2381,0
DA:2382,0
DA:2383,0
DA:2384,0
DA:2385,0
DA:2391,0
DA:2392,0
DA:2394,0
DA:2395,0
DA:2396,0
DA:2397,0
DA:2401,0
DA:2402,0
DA:2403,0
DA:2404,0
DA:2407,0
DA:2408,0
DA:2410,0
DA:2411,0
DA:2415,0
DA:2416,0
DA:2417,0
DA:2420,0
DA:2422,0
DA:2425,0
DA:2426,0
DA:2430,0
DA:2431,0
DA:2432,0
DA:2433,0
DA:2442,0
DA:2443,0
DA:2444,0
DA:2447,0
DA:2448,0
DA:2449,0
DA:2451,0
DA:2453,0
DA:2456,0
DA:2457,0
DA:2461,0
DA:2462,0
DA:2465,0
DA:2466,0
DA:2467,0
DA:2468,0
DA:2475,0
DA:2478,0
DA:2479,0
DA:2480,0
DA:2483,0
DA:2484,0
DA:2486,0
DA:2488,0
DA:2489,0
DA:2490,0
DA:2492,0
DA:2494,0
DA:2497,0
DA:2503,0
DA:2505,0
DA:2506,0
DA:2509,0
DA:2510,0
DA:2513,0
DA:2514,0
DA:2516,0
DA:2518,0
DA:2519,0
DA:2520,0
DA:2522,0
DA:2524,0
DA:2527,0
DA:2528,0
DA:2529,0
DA:2531,0
DA:2534,0
DA:2540,0
DA:2541,0
DA:2546,0
DA:2548,0
DA:2549,0
DA:2550,0
DA:2552,0
DA:2553,0
DA:2554,0
DA:2555,0
DA:2560,0
DA:2562,0
DA:2563,0
DA:2564,0
DA:2566,0
DA:2567,0
DA:2569,0
DA:2570,0
DA:2572,0
DA:2574,0
DA:2575,0
DA:2577,0
DA:2579,0
DA:2581,0
DA:2582,0
DA:2583,0
DA:2585,0
DA:2586,0
DA:2587,0
DA:2588,0
DA:2590,0
DA:2591,0
DA:2592,0
DA:2596,0
DA:2597,0
DA:2598,0
DA:2600,0
DA:2602,0
DA:2605,0
DA:2611,0
DA:2612,0
DA:2615,0
DA:2616,0
DA:2617,0
DA:2619,0
DA:2623,0
DA:2629,0
DA:2630,0
DA:2631,0
DA:2635,0
DA:2636,0
DA:2640,0
DA:2645,0
DA:2649,0
DA:2650,0
DA:2652,0
DA:2653,0
DA:2657,0
DA:2658,0
DA:2661,0
DA:2662,0
DA:2665,0
DA:2666,0
DA:2669,0
DA:2670,0
DA:2674,0
DA:2675,0
DA:2678,0
DA:2680,0
DA:2689,0
DA:2695,0
DA:2696,0
DA:2698,0
DA:2699,0
DA:2704,0
DA:2705,0
DA:2707,0
DA:2709,0
DA:2710,0
DA:2711,0
DA:2712,0
DA:2713,0
DA:2715,0
DA:2728,0
DA:2729,0
DA:2730,0
DA:2732,0
DA:2735,0
DA:2736,0
DA:2741,0
DA:2742,0
DA:2745,0
DA:2749,0
DA:2751,0
DA:2752,0
DA:2753,0
DA:2762,0
DA:2763,0
DA:2766,0
DA:2767,0
DA:2773,0
DA:2774,0
DA:2776,0
DA:2777,0
DA:2779,0
DA:2780,0
DA:2781,0
DA:2782,0
DA:2783,0
DA:2787,0
DA:2791,0
DA:2794,0
DA:2797,0
DA:2798,0
DA:2800,0
DA:2804,0
DA:2805,0
LF:1359
LH:0
BRDA:63,0,0,0
BRDA:63,0,1,0
BRDA:152,1,0,0
BRDA:152,1,1,0
BRDA:153,2,0,0
BRDA:153,2,1,0
BRDA:153,3,0,0
BRDA:153,3,1,0
BRDA:160,4,0,0
BRDA:160,4,1,0
BRDA:183,5,0,0
BRDA:183,5,1,0
BRDA:202,6,0,0
BRDA:202,6,1,0
BRDA:217,7,0,0
BRDA:217,7,1,0
BRDA:230,8,0,0
BRDA:230,8,1,0
BRDA:233,9,0,0
BRDA:233,9,1,0
BRDA:233,10,0,0
BRDA:233,10,1,0
BRDA:235,11,0,0
BRDA:235,11,1,0
BRDA:235,12,0,0
BRDA:235,12,1,0
BRDA:237,13,0,0
BRDA:237,13,1,0
BRDA:271,14,0,0
BRDA:271,14,1,0
BRDA:286,15,0,0
BRDA:286,15,1,0
BRDA:287,16,0,0
BRDA:287,16,1,0
BRDA:294,17,0,0
BRDA:294,17,1,0
BRDA:294,18,0,0
BRDA:294,18,1,0
BRDA:295,19,0,0
BRDA:295,19,1,0
BRDA:300,20,0,0
BRDA:300,20,1,0
BRDA:318,21,0,0
BRDA:318,21,1,0
BRDA:332,22,0,0
BRDA:332,22,1,0
BRDA:332,23,0,0
BRDA:332,23,1,0
BRDA:332,23,2,0
BRDA:346,24,0,0
BRDA:346,24,1,0
BRDA:349,25,0,0
BRDA:349,25,1,0
BRDA:354,26,0,0
BRDA:354,26,1,0
BRDA:360,27,0,0
BRDA:360,27,1,0
BRDA:360,28,0,0
BRDA:360,28,1,0
BRDA:416,29,0,0
BRDA:416,29,1,0
BRDA:422,30,0,0
BRDA:422,30,1,0
BRDA:428,31,0,0
BRDA:428,31,1,0
BRDA:436,32,0,0
BRDA:436,32,1,0
BRDA:453,33,0,0
BRDA:453,33,1,0
BRDA:453,34,0,0
BRDA:453,34,1,0
BRDA:469,35,0,0
BRDA:469,35,1,0
BRDA:469,36,0,0
BRDA:469,36,1,0
BRDA:474,37,0,0
BRDA:474,37,1,0
BRDA:500,38,0,0
BRDA:500,38,1,0
BRDA:501,39,0,0
BRDA:501,39,1,0
BRDA:502,40,0,0
BRDA:502,40,1,0
BRDA:503,41,0,0
BRDA:503,41,1,0
BRDA:508,42,0,0
BRDA:508,42,1,0
BRDA:525,43,0,0
BRDA:525,43,1,0
BRDA:533,44,0,0
BRDA:533,44,1,0
BRDA:534,45,0,0
BRDA:534,45,1,0
BRDA:539,46,0,0
BRDA:539,46,1,0
BRDA:547,47,0,0
BRDA:547,47,1,0
BRDA:552,48,0,0
BRDA:552,48,1,0
BRDA:565,49,0,0
BRDA:565,49,1,0
BRDA:578,50,0,0
BRDA:578,50,1,0
BRDA:578,51,0,0
BRDA:578,51,1,0
BRDA:604,52,0,0
BRDA:604,52,1,0
BRDA:611,53,0,0
BRDA:611,53,1,0
BRDA:611,54,0,0
BRDA:611,54,1,0
BRDA:620,55,0,0
BRDA:620,55,1,0
BRDA:626,56,0,0
BRDA:626,56,1,0
BRDA:628,57,0,0
BRDA:628,57,1,0
BRDA:628,58,0,0
BRDA:628,58,1,0
BRDA:628,58,2,0
BRDA:628,58,3,0
BRDA:643,59,0,0
BRDA:643,59,1,0
BRDA:644,60,0,0
BRDA:644,60,1,0
BRDA:651,61,0,0
BRDA:651,61,1,0
BRDA:651,62,0,0
BRDA:651,62,1,0
BRDA:653,63,0,0
BRDA:653,63,1,0
BRDA:673,64,0,0
BRDA:673,64,1,0
BRDA:673,65,0,0
BRDA:673,65,1,0
BRDA:673,65,2,0
BRDA:680,66,0,0
BRDA:680,66,1,0
BRDA:689,67,0,0
BRDA:689,67,1,0
BRDA:690,68,0,0
BRDA:690,68,1,0
BRDA:693,69,0,0
BRDA:693,69,1,0
BRDA:699,70,0,0
BRDA:699,70,1,0
BRDA:699,71,0,0
BRDA:699,71,1,0
BRDA:713,72,0,0
BRDA:713,72,1,0
BRDA:732,73,0,0
BRDA:732,73,1,0
BRDA:735,74,0,0
BRDA:735,74,1,0
BRDA:741,75,0,0
BRDA:746,76,0,0
BRDA:746,76,1,0
BRDA:746,77,0,0
BRDA:746,77,1,0
BRDA:750,78,0,0
BRDA:750,78,1,0
BRDA:759,79,0,0
BRDA:759,79,1,0
BRDA:763,80,0,0
BRDA:763,80,1,0
BRDA:763,80,2,0
BRDA:763,80,3,0
BRDA:763,80,4,0
BRDA:763,80,5,0
BRDA:763,80,6,0
BRDA:763,80,7,0
BRDA:763,80,8,0
BRDA:763,80,9,0
BRDA:763,80,10,0
BRDA:763,80,11,0
BRDA:773,81,0,0
BRDA:773,81,1,0
BRDA:783,82,0,0
BRDA:783,82,1,0
BRDA:795,83,0,0
BRDA:795,83,1,0
BRDA:809,84,0,0
BRDA:809,84,1,0
BRDA:813,85,0,0
BRDA:813,85,1,0
BRDA:824,86,0,0
BRDA:824,86,1,0
BRDA:825,87,0,0
BRDA:825,87,1,0
BRDA:834,88,0,0
BRDA:834,88,1,0
BRDA:848,89,0,0
BRDA:848,89,1,0
BRDA:887,90,0,0
BRDA:887,90,1,0
BRDA:910,91,0,0
BRDA:910,91,1,0
BRDA:915,92,0,0
BRDA:915,92,1,0
BRDA:920,93,0,0
BRDA:920,93,1,0
BRDA:936,94,0,0
BRDA:936,94,1,0
BRDA:940,95,0,0
BRDA:940,95,1,0
BRDA:954,96,0,0
BRDA:954,96,1,0
BRDA:954,97,0,0
BRDA:954,97,1,0
BRDA:979,98,0,0
BRDA:979,98,1,0
BRDA:994,99,0,0
BRDA:994,99,1,0
BRDA:996,100,0,0
BRDA:996,100,1,0
BRDA:998,101,0,0
BRDA:998,101,1,0
BRDA:1000,102,0,0
BRDA:1000,102,1,0
BRDA:1023,103,0,0
BRDA:1023,103,1,0
BRDA:1058,104,0,0
BRDA:1058,104,1,0
BRDA:1063,105,0,0
BRDA:1063,105,1,0
BRDA:1102,106,0,0
BRDA:1102,106,1,0
BRDA:1102,107,0,0
BRDA:1102,107,1,0
BRDA:1112,108,0,0
BRDA:1112,108,1,0
BRDA:1127,109,0,0
BRDA:1127,109,1,0
BRDA:1127,110,0,0
BRDA:1127,110,1,0
BRDA:1127,110,2,0
BRDA:1127,110,3,0
BRDA:1127,110,4,0
BRDA:1141,111,0,0
BRDA:1141,111,1,0
BRDA:1145,112,0,0
BRDA:1145,112,1,0
BRDA:1149,113,0,0
BRDA:1149,113,1,0
BRDA:1153,114,0,0
BRDA:1153,114,1,0
BRDA:1158,115,0,0
BRDA:1158,115,1,0
BRDA:1169,116,0,0
BRDA:1169,116,1,0
BRDA:1182,117,0,0
BRDA:1182,117,1,0
BRDA:1193,118,0,0
BRDA:1193,118,1,0
BRDA:1203,119,0,0
BRDA:1203,119,1,0
BRDA:1203,120,0,0
BRDA:1203,120,1,0
BRDA:1204,121,0,0
BRDA:1204,121,1,0
BRDA:1216,122,0,0
BRDA:1216,122,1,0
BRDA:1233,123,0,0
BRDA:1233,123,1,0
BRDA:1233,124,0,0
BRDA:1233,124,1,0
BRDA:1233,124,2,0
BRDA:1239,125,0,0
BRDA:1239,125,1,0
BRDA:1251,126,0,0
BRDA:1251,126,1,0
BRDA:1251,127,0,0
BRDA:1251,127,1,0
BRDA:1261,128,0,0
BRDA:1261,128,1,0
BRDA:1261,129,0,0
BRDA:1261,129,1,0
BRDA:1269,130,0,0
BRDA:1269,130,1,0
BRDA:1269,131,0,0
BRDA:1269,131,1,0
BRDA:1281,132,0,0
BRDA:1281,132,1,0
BRDA:1288,133,0,0
BRDA:1288,133,1,0
BRDA:1288,134,0,0
BRDA:1288,134,1,0
BRDA:1288,134,2,0
BRDA:1288,134,3,0
BRDA:1306,135,0,0
BRDA:1306,135,1,0
BRDA:1306,136,0,0
BRDA:1306,136,1,0
BRDA:1317,137,0,0
BRDA:1317,137,1,0
BRDA:1317,138,0,0
BRDA:1317,138,1,0
BRDA:1333,139,0,0
BRDA:1333,139,1,0
BRDA:1335,140,0,0
BRDA:1335,140,1,0
BRDA:1335,141,0,0
BRDA:1335,141,1,0
BRDA:1337,142,0,0
BRDA:1337,142,1,0
BRDA:1344,143,0,0
BRDA:1344,143,1,0
BRDA:1344,144,0,0
BRDA:1344,144,1,0
BRDA:1350,145,0,0
BRDA:1350,145,1,0
BRDA:1362,146,0,0
BRDA:1362,146,1,0
BRDA:1362,146,2,0
BRDA:1362,146,3,0
BRDA:1362,146,4,0
BRDA:1373,147,0,0
BRDA:1373,147,1,0
BRDA:1375,148,0,0
BRDA:1375,148,1,0
BRDA:1383,149,0,0
BRDA:1383,149,1,0
BRDA:1384,150,0,0
BRDA:1384,150,1,0
BRDA:1384,150,2,0
BRDA:1385,151,0,0
BRDA:1385,151,1,0
BRDA:1386,152,0,0
BRDA:1386,152,1,0
BRDA:1388,153,0,0
BRDA:1388,153,1,0
BRDA:1388,153,2,0
BRDA:1404,154,0,0
BRDA:1404,154,1,0
BRDA:1417,155,0,0
BRDA:1417,155,1,0
BRDA:1417,156,0,0
BRDA:1417,156,1,0
BRDA:1417,156,2,0
BRDA:1425,157,0,0
BRDA:1425,157,1,0
BRDA:1435,158,0,0
BRDA:1435,158,1,0
BRDA:1445,159,0,0
BRDA:1445,159,1,0
BRDA:1446,160,0,0
BRDA:1446,160,1,0
BRDA:1450,161,0,0
BRDA:1450,161,1,0
BRDA:1455,162,0,0
BRDA:1455,162,1,0
BRDA:1455,163,0,0
BRDA:1455,163,1,0
BRDA:1461,164,0,0
BRDA:1461,164,1,0
BRDA:1461,165,0,0
BRDA:1461,165,1,0
BRDA:1467,166,0,0
BRDA:1467,166,1,0
BRDA:1471,167,0,0
BRDA:1471,167,1,0
BRDA:1486,168,0,0
BRDA:1486,168,1,0
BRDA:1494,169,0,0
BRDA:1494,169,1,0
BRDA:1494,170,0,0
BRDA:1494,170,1,0
BRDA:1494,170,2,0
BRDA:1494,170,3,0
BRDA:1496,171,0,0
BRDA:1496,171,1,0
BRDA:1500,172,0,0
BRDA:1500,172,1,0
BRDA:1507,173,0,0
BRDA:1507,173,1,0
BRDA:1507,174,0,0
BRDA:1507,174,1,0
BRDA:1507,174,2,0
BRDA:1507,174,3,0
BRDA:1516,175,0,0
BRDA:1516,175,1,0
BRDA:1516,176,0,0
BRDA:1516,176,1,0
BRDA:1521,177,0,0
BRDA:1521,177,1,0
BRDA:1527,178,0,0
BRDA:1527,178,1,0
BRDA:1534,179,0,0
BRDA:1534,179,1,0
BRDA:1546,180,0,0
BRDA:1546,180,1,0
BRDA:1547,181,0,0
BRDA:1547,181,1,0
BRDA:1557,182,0,0
BRDA:1557,182,1,0
BRDA:1565,183,0,0
BRDA:1565,183,1,0
BRDA:1574,184,0,0
BRDA:1574,184,1,0
BRDA:1582,185,0,0
BRDA:1582,185,1,0
BRDA:1582,186,0,0
BRDA:1582,186,1,0
BRDA:1591,187,0,0
BRDA:1591,187,1,0
BRDA:1602,188,0,0
BRDA:1602,188,1,0
BRDA:1603,189,0,0
BRDA:1603,189,1,0
BRDA:1609,190,0,0
BRDA:1609,190,1,0
BRDA:1611,191,0,0
BRDA:1611,191,1,0
BRDA:1614,192,0,0
BRDA:1614,192,1,0
BRDA:1616,193,0,0
BRDA:1616,193,1,0
BRDA:1620,194,0,0
BRDA:1620,194,1,0
BRDA:1621,195,0,0
BRDA:1621,195,1,0
BRDA:1621,196,0,0
BRDA:1621,196,1,0
BRDA:1631,197,0,0
BRDA:1631,197,1,0
BRDA:1649,198,0,0
BRDA:1649,198,1,0
BRDA:1653,199,0,0
BRDA:1653,199,1,0
BRDA:1654,200,0,0
BRDA:1654,200,1,0
BRDA:1656,201,0,0
BRDA:1656,201,1,0
BRDA:1656,202,0,0
BRDA:1656,202,1,0
BRDA:1667,203,0,0
BRDA:1667,203,1,0
BRDA:1668,204,0,0
BRDA:1668,204,1,0
BRDA:1670,205,0,0
BRDA:1670,205,1,0
BRDA:1670,206,0,0
BRDA:1670,206,1,0
BRDA:1671,207,0,0
BRDA:1671,207,1,0
BRDA:1672,208,0,0
BRDA:1672,208,1,0
BRDA:1673,209,0,0
BRDA:1673,209,1,0
BRDA:1676,210,0,0
BRDA:1676,210,1,0
BRDA:1696,211,0,0
BRDA:1696,211,1,0
BRDA:1704,212,0,0
BRDA:1704,212,1,0
BRDA:1726,213,0,0
BRDA:1726,213,1,0
BRDA:1726,214,0,0
BRDA:1726,214,1,0
BRDA:1726,214,2,0
BRDA:1726,214,3,0
BRDA:1727,215,0,0
BRDA:1727,215,1,0
BRDA:1733,216,0,0
BRDA:1733,216,1,0
BRDA:1744,217,0,0
BRDA:1744,217,1,0
BRDA:1744,218,0,0
BRDA:1744,218,1,0
BRDA:1747,219,0,0
BRDA:1747,219,1,0
BRDA:1752,220,0,0
BRDA:1752,220,1,0
BRDA:1753,221,0,0
BRDA:1753,221,1,0
BRDA:1755,222,0,0
BRDA:1755,222,1,0
BRDA:1755,223,0,0
BRDA:1755,223,1,0
BRDA:1755,223,2,0
BRDA:1758,224,0,0
BRDA:1758,224,1,0
BRDA:1798,225,0,0
BRDA:1798,225,1,0
BRDA:1810,226,0,0
BRDA:1810,226,1,0
BRDA:1826,227,0,0
BRDA:1826,227,1,0
BRDA:1828,228,0,0
BRDA:1828,228,1,0
BRDA:1829,229,0,0
BRDA:1829,229,1,0
BRDA:1838,230,0,0
BRDA:1838,230,1,0
BRDA:1838,231,0,0
BRDA:1838,231,1,0
BRDA:1855,232,0,0
BRDA:1855,232,1,0
BRDA:1863,233,0,0
BRDA:1863,233,1,0
BRDA:1864,234,0,0
BRDA:1864,234,1,0
BRDA:1866,235,0,0
BRDA:1866,235,1,0
BRDA:1866,236,0,0
BRDA:1866,236,1,0
BRDA:1867,237,0,0
BRDA:1867,237,1,0
BRDA:1868,238,0,0
BRDA:1868,238,1,0
BRDA:1869,239,0,0
BRDA:1869,239,1,0
BRDA:1870,240,0,0
BRDA:1870,240,1,0
BRDA:1873,241,0,0
BRDA:1873,241,1,0
BRDA:1875,242,0,0
BRDA:1875,242,1,0
BRDA:1877,243,0,0
BRDA:1877,243,1,0
BRDA:1877,244,0,0
BRDA:1877,244,1,0
BRDA:1877,244,2,0
BRDA:1880,245,0,0
BRDA:1880,245,1,0
BRDA:1891,246,0,0
BRDA:1891,246,1,0
BRDA:1899,247,0,0
BRDA:1899,247,1,0
BRDA:1906,248,0,0
BRDA:1906,248,1,0
BRDA:1916,249,0,0
BRDA:1916,249,1,0
BRDA:1916,250,0,0
BRDA:1916,250,1,0
BRDA:1926,251,0,0
BRDA:1926,251,1,0
BRDA:1926,252,0,0
BRDA:1926,252,1,0
BRDA:1929,253,0,0
BRDA:1929,253,1,0
BRDA:1934,254,0,0
BRDA:1934,254,1,0
BRDA:1935,255,0,0
BRDA:1935,255,1,0
BRDA:1937,256,0,0
BRDA:1937,256,1,0
BRDA:1937,257,0,0
BRDA:1937,257,1,0
BRDA:1937,257,2,0
BRDA:1939,258,0,0
BRDA:1939,258,1,0
BRDA:1961,259,0,0
BRDA:1961,259,1,0
BRDA:1976,260,0,0
BRDA:1976,260,1,0
BRDA:1983,261,0,0
BRDA:1983,261,1,0
BRDA:1997,262,0,0
BRDA:1997,262,1,0
BRDA:2006,263,0,0
BRDA:2006,263,1,0
BRDA:2007,264,0,0
BRDA:2007,264,1,0
BRDA:2014,265,0,0
BRDA:2014,265,1,0
BRDA:2033,266,0,0
BRDA:2033,266,1,0
BRDA:2054,267,0,0
BRDA:2054,267,1,0
BRDA:2055,268,0,0
BRDA:2055,268,1,0
BRDA:2064,269,0,0
BRDA:2064,269,1,0
BRDA:2074,270,0,0
BRDA:2074,270,1,0
BRDA:2079,271,0,0
BRDA:2083,272,0,0
BRDA:2083,272,1,0
BRDA:2086,273,0,0
BRDA:2086,273,1,0
BRDA:2095,274,0,0
BRDA:2095,274,1,0
BRDA:2095,275,0,0
BRDA:2095,275,1,0
BRDA:2097,276,0,0
BRDA:2097,276,1,0
BRDA:2133,277,0,0
BRDA:2133,277,1,0
BRDA:2133,278,0,0
BRDA:2133,278,1,0
BRDA:2143,279,0,0
BRDA:2143,279,1,0
BRDA:2143,280,0,0
BRDA:2143,280,1,0
BRDA:2148,281,0,0
BRDA:2148,281,1,0
BRDA:2155,282,0,0
BRDA:2155,282,1,0
BRDA:2157,283,0,0
BRDA:2157,283,1,0
BRDA:2169,284,0,0
BRDA:2169,284,1,0
BRDA:2169,285,0,0
BRDA:2169,285,1,0
BRDA:2169,285,2,0
BRDA:2172,286,0,0
BRDA:2172,286,1,0
BRDA:2173,287,0,0
BRDA:2173,287,1,0
BRDA:2183,288,0,0
BRDA:2183,288,1,0
BRDA:2183,289,0,0
BRDA:2183,289,1,0
BRDA:2198,290,0,0
BRDA:2198,290,1,0
BRDA:2198,291,0,0
BRDA:2198,291,1,0
BRDA:2198,291,2,0
BRDA:2198,291,3,0
BRDA:2207,292,0,0
BRDA:2207,292,1,0
BRDA:2225,293,0,0
BRDA:2225,293,1,0
BRDA:2226,294,0,0
BRDA:2226,294,1,0
BRDA:2232,295,0,0
BRDA:2232,295,1,0
BRDA:2232,296,0,0
BRDA:2232,296,1,0
BRDA:2235,297,0,0
BRDA:2235,297,1,0
BRDA:2235,298,0,0
BRDA:2235,298,1,0
BRDA:2239,299,0,0
BRDA:2239,299,1,0
BRDA:2240,300,0,0
BRDA:2240,300,1,0
BRDA:2246,301,0,0
BRDA:2246,301,1,0
BRDA:2260,302,0,0
BRDA:2260,302,1,0
BRDA:2263,303,0,0
BRDA:2263,303,1,0
BRDA:2268,304,0,0
BRDA:2268,304,1,0
BRDA:2268,305,0,0
BRDA:2268,305,1,0
BRDA:2273,306,0,0
BRDA:2273,306,1,0
BRDA:2274,307,0,0
BRDA:2274,307,1,0
BRDA:2275,308,0,0
BRDA:2275,308,1,0
BRDA:2280,309,0,0
BRDA:2280,309,1,0
BRDA:2291,310,0,0
BRDA:2291,310,1,0
BRDA:2294,311,0,0
BRDA:2294,311,1,0
BRDA:2325,312,0,0
BRDA:2325,312,1,0
BRDA:2326,313,0,0
BRDA:2326,313,1,0
BRDA:2327,314,0,0
BRDA:2327,314,1,0
BRDA:2328,315,0,0
BRDA:2328,315,1,0
BRDA:2349,316,0,0
BRDA:2349,316,1,0
BRDA:2353,317,0,0
BRDA:2353,317,1,0
BRDA:2354,318,0,0
BRDA:2354,318,1,0
BRDA:2355,319,0,0
BRDA:2355,319,1,0
BRDA:2368,320,0,0
BRDA:2368,320,1,0
BRDA:2368,321,0,0
BRDA:2368,321,1,0
BRDA:2410,322,0,0
BRDA:2410,322,1,0
BRDA:2415,323,0,0
BRDA:2415,323,1,0
BRDA:2431,324,0,0
BRDA:2431,324,1,0
BRDA:2432,325,0,0
BRDA:2432,325,1,0
BRDA:2467,326,0,0
BRDA:2467,326,1,0
BRDA:2486,327,0,0
BRDA:2486,327,1,0
BRDA:2486,328,0,0
BRDA:2486,328,1,0
BRDA:2492,329,0,0
BRDA:2492,329,1,0
BRDA:2509,330,0,0
BRDA:2509,330,1,0
BRDA:2509,331,0,0
BRDA:2509,331,1,0
BRDA:2513,332,0,0
BRDA:2513,332,1,0
BRDA:2516,333,0,0
BRDA:2516,333,1,0
BRDA:2522,334,0,0
BRDA:2522,334,1,0
BRDA:2528,335,0,0
BRDA:2528,335,1,0
BRDA:2540,336,0,0
BRDA:2540,336,1,0
BRDA:2552,337,0,0
BRDA:2552,337,1,0
BRDA:2554,338,0,0
BRDA:2554,338,1,0
BRDA:2566,339,0,0
BRDA:2566,339,1,0
BRDA:2566,340,0,0
BRDA:2566,340,1,0
BRDA:2566,340,2,0
BRDA:2567,341,0,0
BRDA:2567,341,1,0
BRDA:2569,342,0,0
BRDA:2569,342,1,0
BRDA:2570,343,0,0
BRDA:2570,343,1,0
BRDA:2572,344,0,0
BRDA:2572,344,1,0
BRDA:2579,345,0,0
BRDA:2579,345,1,0
BRDA:2590,346,0,0
BRDA:2590,346,1,0
BRDA:2596,347,0,0
BRDA:2596,347,1,0
BRDA:2600,348,0,0
BRDA:2600,348,1,0
BRDA:2611,349,0,0
BRDA:2611,349,1,0
BRDA:2616,350,0,0
BRDA:2616,350,1,0
BRDA:2650,351,0,0
BRDA:2650,351,1,0
BRDA:2653,352,0,0
BRDA:2653,352,1,0
BRDA:2658,353,0,0
BRDA:2658,353,1,0
BRDA:2669,354,0,0
BRDA:2669,354,1,0
BRDA:2674,355,0,0
BRDA:2674,355,1,0
BRDA:2695,356,0,0
BRDA:2695,356,1,0
BRDA:2698,357,0,0
BRDA:2698,357,1,0
BRDA:2705,358,0,0
BRDA:2705,358,1,0
BRDA:2711,359,0,0
BRDA:2711,359,1,0
BRDA:2712,360,0,0
BRDA:2712,360,1,0
BRDA:2732,361,0,0
BRDA:2732,361,1,0
BRDA:2732,362,0,0
BRDA:2732,362,1,0
BRDA:2732,362,2,0
BRDA:2735,363,0,0
BRDA:2735,363,1,0
BRDA:2741,364,0,0
BRDA:2741,364,1,0
BRDA:2741,365,0,0
BRDA:2741,365,1,0
BRDA:2751,366,0,0
BRDA:2751,366,1,0
BRDA:2774,367,0,0
BRDA:2774,367,1,0
BRDA:2774,368,0,0
BRDA:2774,368,1,0
BRDA:2781,369,0,0
BRDA:2781,369,1,0
BRDA:2797,370,0,0
BRDA:2797,370,1,0
BRF:780
BRH:0
end_of_record
TN:
SF:src/client/components/GameState.ts
FN:6,(anonymous_0)
FN:31,(anonymous_1)
FN:35,(anonymous_2)
FN:38,(anonymous_3)
FN:46,(anonymous_4)
FN:50,(anonymous_5)
FN:54,(anonymous_6)
FN:59,(anonymous_7)
FN:63,(anonymous_8)
FN:67,(anonymous_9)
FN:71,(anonymous_10)
FN:75,(anonymous_11)
FN:81,(anonymous_12)
FN:82,(anonymous_13)
FN:85,(anonymous_14)
FNF:15
FNH:0
FNDA:0,(anonymous_0)
FNDA:0,(anonymous_1)
FNDA:0,(anonymous_2)
FNDA:0,(anonymous_3)
FNDA:0,(anonymous_4)
FNDA:0,(anonymous_5)
FNDA:0,(anonymous_6)
FNDA:0,(anonymous_7)
FNDA:0,(anonymous_8)
FNDA:0,(anonymous_9)
FNDA:0,(anonymous_10)
FNDA:0,(anonymous_11)
FNDA:0,(anonymous_12)
FNDA:0,(anonymous_13)
FNDA:0,(anonymous_14)
DA:3,0
DA:4,0
DA:7,0
DA:32,0
DA:38,0
DA:39,0
DA:40,0
DA:41,0
DA:47,0
DA:51,0
DA:55,0
DA:56,0
DA:60,0
DA:64,0
DA:68,0
DA:72,0
DA:76,0
DA:77,0
DA:82,0
DA:86,0
DA:111,0
LF:21
LH:0
BRDA:40,0,0,0
BRDA:40,0,1,0
BRDA:54,1,0,0
BRDA:76,2,0,0
BRDA:76,2,1,0
BRF:5
BRH:0
end_of_record
TN:
SF:src/client/components/SocketManager.ts
FN:14,(anonymous_0)
FN:18,(anonymous_1)
FN:23,(anonymous_2)
FN:26,(anonymous_3)
FN:47,(anonymous_4)
FN:53,(anonymous_5)
FN:75,(anonymous_6)
FN:77,(anonymous_7)
FN:100,(anonymous_8)
FN:107,(anonymous_9)
FN:112,(anonymous_10)
FN:117,(anonymous_11)
FN:122,(anonymous_12)
FN:133,(anonymous_13)
FN:147,(anonymous_14)
FN:150,(anonymous_15)
FN:154,(anonymous_16)
FN:160,(anonymous_17)
FN:166,(anonymous_18)
FN:172,(anonymous_19)
FN:176,(anonymous_20)
FN:190,(anonymous_21)
FN:195,(anonymous_22)
FN:211,(anonymous_23)
FN:216,(anonymous_24)
FN:230,(anonymous_25)
FN:235,(anonymous_26)
FN:242,(anonymous_27)
FN:252,(anonymous_28)
FN:259,(anonymous_29)
FN:267,(anonymous_30)
FN:275,(anonymous_31)
FN:278,(anonymous_32)
FN:281,(anonymous_33)
FN:287,(anonymous_34)
FN:293,(anonymous_35)
FN:298,(anonymous_36)
FN:302,(anonymous_37)
FN:306,(anonymous_38)
FN:312,(anonymous_39)
FN:319,(anonymous_40)
FN:329,(anonymous_41)
FN:332,(anonymous_42)
FN:337,(anonymous_43)
FN:341,(anonymous_44)
FN:345,(anonymous_45)
FN:355,(anonymous_46)
FN:359,(anonymous_47)
FN:366,(anonymous_48)
FN:370,(anonymous_49)
FN:374,(anonymous_50)
FN:378,(anonymous_51)
FN:382,(anonymous_52)
FN:386,(anonymous_53)
FN:390,(anonymous_54)
FN:394,(anonymous_55)
FN:398,(anonymous_56)
FN:402,(anonymous_57)
FN:406,(anonymous_58)
FN:410,(anonymous_59)
FNF:60
FNH:0
FNDA:0,(anonymous_0)
FNDA:0,(anonymous_1)
FNDA:0,(anonymous_2)
FNDA:0,(anonymous_3)
FNDA:0,(anonymous_4)
FNDA:0,(anonymous_5)
FNDA:0,(anonymous_6)
FNDA:0,(anonymous_7)
FNDA:0,(anonymous_8)
FNDA:0,(anonymous_9)
FNDA:0,(anonymous_10)
FNDA:0,(anonymous_11)
FNDA:0,(anonymous_12)
FNDA:0,(anonymous_13)
FNDA:0,(anonymous_14)
FNDA:0,(anonymous_15)
FNDA:0,(anonymous_16)
FNDA:0,(anonymous_17)
FNDA:0,(anonymous_18)
FNDA:0,(anonymous_19)
FNDA:0,(anonymous_20)
FNDA:0,(anonymous_21)
FNDA:0,(anonymous_22)
FNDA:0,(anonymous_23)
FNDA:0,(anonymous_24)
FNDA:0,(anonymous_25)
FNDA:0,(anonymous_26)
FNDA:0,(anonymous_27)
FNDA:0,(anonymous_28)
FNDA:0,(anonymous_29)
FNDA:0,(anonymous_30)
FNDA:0,(anonymous_31)
FNDA:0,(anonymous_32)
FNDA:0,(anonymous_33)
FNDA:0,(anonymous_34)
FNDA:0,(anonymous_35)
FNDA:0,(anonymous_36)
FNDA:0,(anonymous_37)
FNDA:0,(anonymous_38)
FNDA:0,(anonymous_39)
FNDA:0,(anonymous_40)
FNDA:0,(anonymous_41)
FNDA:0,(anonymous_42)
FNDA:0,(anonymous_43)
FNDA:0,(anonymous_44)
FNDA:0,(anonymous_45)
FNDA:0,(anonymous_46)
FNDA:0,(anonymous_47)
FNDA:0,(anonymous_48)
FNDA:0,(anonymous_49)
FNDA:0,(anonymous_50)
FNDA:0,(anonymous_51)
FNDA:0,(anonymous_52)
FNDA:0,(anonymous_53)
FNDA:0,(anonymous_54)
FNDA:0,(anonymous_55)
FNDA:0,(anonymous_56)
FNDA:0,(anonymous_57)
FNDA:0,(anonymous_58)
FNDA:0,(anonymous_59)
DA:1,0
DA:9,0
DA:10,0
DA:11,0
DA:12,0
DA:14,0
DA:15,0
DA:16,0
DA:19,0
DA:20,0
DA:24,0
DA:26,0
DA:27,0
DA:28,0
DA:31,0
DA:32,0
DA:33,0
DA:38,0
DA:47,0
DA:48,0
DA:49,0
DA:53,0
DA:54,0
DA:55,0
DA:56,0
DA:61,0
DA:68,0
DA:69,0
DA:71,0
DA:75,0
DA:76,0
DA:77,0
DA:79,0
DA:85,0
DA:86,0
DA:89,0
DA:96,0
DA:97,0
DA:100,0
DA:101,0
DA:102,0
DA:103,0
DA:107,0
DA:108,0
DA:109,0
DA:112,0
DA:113,0
DA:114,0
DA:117,0
DA:118,0
DA:119,0
DA:122,0
DA:123,0
DA:124,0
DA:126,0
DA:127,0
DA:128,0
DA:129,0
DA:133,0
DA:134,0
DA:135,0
DA:137,0
DA:138,0
DA:139,0
DA:140,0
DA:141,0
DA:142,0
DA:143,0
DA:147,0
DA:148,0
DA:149,0
DA:150,0
DA:154,0
DA:155,0
DA:156,0
DA:157,0
DA:160,0
DA:161,0
DA:162,0
DA:163,0
DA:166,0
DA:167,0
DA:168,0
DA:169,0
DA:172,0
DA:173,0
DA:176,0
DA:177,0
DA:182,0
DA:184,0
DA:185,0
DA:186,0
DA:187,0
DA:190,0
DA:191,0
DA:194,0
DA:195,0
DA:196,0
DA:199,0
DA:205,0
DA:207,0
DA:208,0
DA:211,0
DA:212,0
DA:213,0
DA:216,0
DA:217,0
DA:221,0
DA:223,0
DA:224,0
DA:225,0
DA:226,0
DA:230,0
DA:231,0
DA:232,0
DA:235,0
DA:236,0
DA:237,0
DA:238,0
DA:239,0
DA:242,0
DA:243,0
DA:244,0
DA:246,0
DA:247,0
DA:248,0
DA:252,0
DA:253,0
DA:254,0
DA:255,0
DA:256,0
DA:259,0
DA:260,0
DA:261,0
DA:267,0
DA:268,0
DA:269,0
DA:270,0
DA:271,0
DA:275,0
DA:276,0
DA:277,0
DA:278,0
DA:281,0
DA:282,0
DA:283,0
DA:287,0
DA:288,0
DA:289,0
DA:290,0
DA:293,0
DA:294,0
DA:295,0
DA:298,0
DA:299,0
DA:302,0
DA:303,0
DA:306,0
DA:307,0
DA:313,0
DA:314,0
DA:316,0
DA:320,0
DA:321,0
DA:322,0
DA:323,0
DA:324,0
DA:330,0
DA:331,0
DA:332,0
DA:338,0
DA:342,0
DA:352,0
DA:356,0
DA:360,0
DA:361,0
DA:362,0
DA:363,0
DA:367,0
DA:371,0
DA:375,0
DA:379,0
DA:383,0
DA:387,0
DA:391,0
DA:395,0
DA:399,0
DA:403,0
DA:407,0
DA:411,0
DA:415,0
LF:191
LH:0
BRDA:24,0,0,0
BRDA:24,0,1,0
BRDA:32,1,0,0
BRDA:32,1,1,0
BRDA:32,2,0,0
BRDA:32,2,1,0
BRDA:54,3,0,0
BRDA:54,3,1,0
BRDA:81,4,0,0
BRDA:81,4,1,0
BRDA:82,5,0,0
BRDA:82,5,1,0
BRDA:85,6,0,0
BRDA:85,6,1,0
BRDA:85,7,0,0
BRDA:85,7,1,0
BRDA:127,8,0,0
BRDA:127,8,1,0
BRDA:138,9,0,0
BRDA:138,9,1,0
BRDA:141,10,0,0
BRDA:141,10,1,0
BRDA:196,11,0,0
BRDA:196,11,1,0
BRDA:313,12,0,0
BRDA:313,12,1,0
BRDA:321,13,0,0
BRDA:321,13,1,0
BRDA:323,14,0,0
BRDA:323,14,1,0
BRDA:331,15,0,0
BRDA:331,15,1,0
BRDA:341,16,0,0
BRF:33
BRH:0
end_of_record
TN:
SF:src/client/lib/utils.ts
FN:4,cn
FNF:1
FNH:0
FNDA:0,cn
DA:1,0
DA:2,0
DA:4,0
DA:5,0
LF:4
LH:0
BRF:0
BRH:0
end_of_record
TN:
SF:src/client/utils/domBatcher.ts
FN:12,(anonymous_0)
FN:20,(anonymous_1)
FN:28,(anonymous_2)
FN:36,(anonymous_3)
FN:39,(anonymous_4)
FN:44,(anonymous_5)
FN:51,(anonymous_6)
FN:54,(anonymous_7)
FN:61,(anonymous_8)
FN:90,(anonymous_9)
FN:104,(anonymous_10)
FN:117,measureDOM
FN:118,(anonymous_12)
FN:126,mutateDOM
FN:127,(anonymous_14)
FN:135,updateElement
FN:145,(anonymous_16)
FN:159,(anonymous_17)
FN:169,updateElements
FN:175,(anonymous_19)
FN:176,(anonymous_20)
FN:190,(anonymous_21)
FNF:22
FNH:0
FNDA:0,(anonymous_0)
FNDA:0,(anonymous_1)
FNDA:0,(anonymous_2)
FNDA:0,(anonymous_3)
FNDA:0,(anonymous_4)
FNDA:0,(anonymous_5)
FNDA:0,(anonymous_6)
FNDA:0,(anonymous_7)
FNDA:0,(anonymous_8)
FNDA:0,(anonymous_9)
FNDA:0,(anonymous_10)
FNDA:0,measureDOM
FNDA:0,(anonymous_12)
FNDA:0,mutateDOM
FNDA:0,(anonymous_14)
FNDA:0,updateElement
FNDA:0,(anonymous_16)
FNDA:0,(anonymous_17)
FNDA:0,updateElements
FNDA:0,(anonymous_19)
FNDA:0,(anonymous_20)
FNDA:0,(anonymous_21)
DA:13,0
DA:14,0
DA:15,0
DA:21,0
DA:22,0
DA:29,0
DA:30,0
DA:38,0
DA:39,0
DA:43,0
DA:44,0
DA:52,0
DA:53,0
DA:54,0
DA:62,0
DA:65,0
DA:66,0
DA:67,0
DA:68,0
DA:69,0
DA:70,0
DA:72,0
DA:77,0
DA:78,0
DA:79,0
DA:80,0
DA:81,0
DA:82,0
DA:85,0
DA:90,0
DA:91,0
DA:92,0
DA:93,0
DA:95,0
DA:105,0
DA:106,0
DA:112,0
DA:117,0
DA:118,0
DA:119,0
DA:126,0
DA:127,0
DA:128,0
DA:135,0
DA:145,0
DA:146,0
DA:147,0
DA:149,0
DA:150,0
DA:152,0
DA:153,0
DA:155,0
DA:156,0
DA:158,0
DA:159,0
DA:160,0
DA:169,0
DA:175,0
DA:176,0
DA:177,0
DA:178,0
DA:180,0
DA:181,0
DA:183,0
DA:184,0
DA:186,0
DA:187,0
DA:189,0
DA:190,0
DA:191,0
LF:70
LH:0
BRDA:38,0,0,0
BRDA:38,0,1,0
BRDA:43,1,0,0
BRDA:43,1,1,0
BRDA:52,2,0,0
BRDA:52,2,1,0
BRDA:81,3,0,0
BRDA:81,3,1,0
BRDA:91,4,0,0
BRDA:91,4,1,0
BRDA:105,5,0,0
BRDA:105,5,1,0
BRDA:146,6,0,0
BRDA:146,6,1,0
BRDA:149,7,0,0
BRDA:149,7,1,0
BRDA:152,8,0,0
BRDA:152,8,1,0
BRDA:155,9,0,0
BRDA:155,9,1,0
BRDA:158,10,0,0
BRDA:158,10,1,0
BRDA:177,11,0,0
BRDA:177,11,1,0
BRDA:180,12,0,0
BRDA:180,12,1,0
BRDA:183,13,0,0
BRDA:183,13,1,0
BRDA:186,14,0,0
BRDA:186,14,1,0
BRDA:189,15,0,0
BRDA:189,15,1,0
BRF:32
BRH:0
end_of_record
TN:
SF:src/client/utils/eventManager.ts
FN:12,(anonymous_0)
FN:19,(anonymous_1)
FN:42,(anonymous_2)
FN:54,(anonymous_3)
FN:71,(anonymous_4)
FN:88,(anonymous_5)
FN:103,(anonymous_6)
FN:110,(anonymous_7)
FN:129,addTrackedEventListener
FN:141,removeTrackedEventListener
FN:149,(anonymous_10)
FN:162,(anonymous_11)
FN:169,(anonymous_12)
FN:182,(anonymous_13)
FN:194,(anonymous_14)
FN:195,(anonymous_15)
FN:207,(anonymous_16)
FN:210,(anonymous_17)
FNF:18
FNH:0
FNDA:0,(anonymous_0)
FNDA:0,(anonymous_1)
FNDA:0,(anonymous_2)
FNDA:0,(anonymous_3)
FNDA:0,(anonymous_4)
FNDA:0,(anonymous_5)
FNDA:0,(anonymous_6)
FNDA:0,(anonymous_7)
FNDA:0,addTrackedEventListener
FNDA:0,removeTrackedEventListener
FNDA:0,(anonymous_10)
FNDA:0,(anonymous_11)
FNDA:0,(anonymous_12)
FNDA:0,(anonymous_13)
FNDA:0,(anonymous_14)
FNDA:0,(anonymous_15)
FNDA:0,(anonymous_16)
FNDA:0,(anonymous_17)
DA:13,0
DA:14,0
DA:25,0
DA:27,0
DA:29,0
DA:36,0
DA:43,0
DA:44,0
DA:46,0
DA:47,0
DA:48,0
DA:55,0
DA:57,0
DA:58,0
DA:59,0
DA:60,0
DA:61,0
DA:65,0
DA:72,0
DA:74,0
DA:75,0
DA:76,0
DA:77,0
DA:78,0
DA:82,0
DA:89,0
DA:91,0
DA:92,0
DA:93,0
DA:96,0
DA:97,0
DA:104,0
DA:111,0
DA:113,0
DA:114,0
DA:115,0
DA:119,0
DA:124,0
DA:129,0
DA:135,0
DA:141,0
DA:142,0
DA:148,0
DA:149,0
DA:150,0
DA:151,0
DA:158,0
DA:159,0
DA:160,0
DA:162,0
DA:163,0
DA:174,0
DA:175,0
DA:176,0
DA:183,0
DA:184,0
DA:185,0
DA:186,0
DA:188,0
DA:195,0
DA:196,0
DA:198,0
DA:199,0
DA:200,0
DA:208,0
DA:210,0
DA:211,0
DA:212,0
DA:213,0
DA:214,0
DA:218,0
DA:219,0
DA:226,0
LF:73
LH:0
BRDA:44,0,0,0
BRDA:44,0,1,0
BRDA:58,1,0,0
BRDA:58,1,1,0
BRDA:75,2,0,0
BRDA:75,2,1,0
BRDA:114,3,0,0
BRDA:114,3,1,0
BRDA:148,4,0,0
BRDA:148,4,1,0
BRDA:184,5,0,0
BRDA:184,5,1,0
BRDA:198,6,0,0
BRDA:198,6,1,0
BRDA:208,7,0,0
BRDA:208,7,1,0
BRDA:212,8,0,0
BRDA:212,8,1,0
BRDA:214,9,0,0
BRDA:214,9,1,0
BRDA:215,10,0,0
BRDA:215,10,1,0
BRDA:215,10,2,0
BRF:23
BRH:0
end_of_record
TN:
SF:src/client/utils/listRenderer.ts
FN:37,(anonymous_0)
FN:58,(anonymous_1)
FN:59,(anonymous_2)
FN:63,(anonymous_3)
FN:84,(anonymous_4)
FN:97,(anonymous_5)
FN:108,(anonymous_6)
FN:112,(anonymous_7)
FN:120,(anonymous_8)
FN:143,(anonymous_9)
FN:172,(anonymous_10)
FN:195,(anonymous_11)
FN:199,(anonymous_12)
FN:201,(anonymous_13)
FN:208,(anonymous_14)
FN:228,(anonymous_15)
FN:229,(anonymous_16)
FN:241,(anonymous_17)
FN:248,(anonymous_18)
FN:249,(anonymous_19)
FN:261,updateListIncrementally
FN:269,(anonymous_21)
FN:273,(anonymous_22)
FN:281,(anonymous_23)
FN:300,(anonymous_24)
FNF:25
FNH:0
FNDA:0,(anonymous_0)
FNDA:0,(anonymous_1)
FNDA:0,(anonymous_2)
FNDA:0,(anonymous_3)
FNDA:0,(anonymous_4)
FNDA:0,(anonymous_5)
FNDA:0,(anonymous_6)
FNDA:0,(anonymous_7)
FNDA:0,(anonymous_8)
FNDA:0,(anonymous_9)
FNDA:0,(anonymous_10)
FNDA:0,(anonymous_11)
FNDA:0,(anonymous_12)
FNDA:0,(anonymous_13)
FNDA:0,(anonymous_14)
FNDA:0,(anonymous_15)
FNDA:0,(anonymous_16)
FNDA:0,(anonymous_17)
FNDA:0,(anonymous_18)
FNDA:0,(anonymous_19)
FNDA:0,updateListIncrementally
FNDA:0,(anonymous_21)
FNDA:0,(anonymous_22)
FNDA:0,(anonymous_23)
FNDA:0,(anonymous_24)
DA:24,0
DA:25,0
DA:26,0
DA:27,0
DA:28,0
DA:29,0
DA:30,0
DA:31,0
DA:32,0
DA:33,0
DA:34,0
DA:35,0
DA:38,0
DA:39,0
DA:40,0
DA:41,0
DA:42,0
DA:43,0
DA:44,0
DA:45,0
DA:48,0
DA:50,0
DA:51,0
DA:59,0
DA:60,0
DA:63,0
DA:64,0
DA:65,0
DA:67,0
DA:69,0
DA:70,0
DA:73,0
DA:78,0
DA:79,0
DA:84,0
DA:85,0
DA:86,0
DA:90,0
DA:91,0
DA:98,0
DA:99,0
DA:101,0
DA:110,0
DA:112,0
DA:113,0
DA:114,0
DA:115,0
DA:116,0
DA:119,0
DA:120,0
DA:121,0
DA:126,0
DA:127,0
DA:128,0
DA:132,0
DA:136,0
DA:137,0
DA:144,0
DA:145,0
DA:151,0
DA:152,0
DA:155,0
DA:156,0
DA:157,0
DA:160,0
DA:162,0
DA:163,0
DA:165,0
DA:166,0
DA:167,0
DA:168,0
DA:171,0
DA:172,0
DA:173,0
DA:179,0
DA:180,0
DA:181,0
DA:182,0
DA:184,0
DA:188,0
DA:189,0
DA:196,0
DA:197,0
DA:199,0
DA:200,0
DA:201,0
DA:209,0
DA:210,0
DA:211,0
DA:213,0
DA:214,0
DA:216,0
DA:218,0
DA:219,0
DA:222,0
DA:229,0
DA:230,0
DA:232,0
DA:233,0
DA:234,0
DA:235,0
DA:242,0
DA:249,0
DA:250,0
DA:251,0
DA:254,0
DA:261,0
DA:268,0
DA:269,0
DA:272,0
DA:273,0
DA:274,0
DA:275,0
DA:278,0
DA:279,0
DA:281,0
DA:282,0
DA:283,0
DA:285,0
DA:287,0
DA:288,0
DA:291,0
DA:292,0
DA:293,0
DA:294,0
DA:295,0
DA:300,0
DA:301,0
DA:302,0
DA:307,0
DA:308,0
LF:131
LH:0
BRDA:42,0,0,0
BRDA:42,0,1,0
BRDA:43,1,0,0
BRDA:43,1,1,0
BRDA:44,2,0,0
BRDA:44,2,1,0
BRDA:45,3,0,0
BRDA:45,3,1,0
BRDA:48,4,0,0
BRDA:48,4,1,0
BRDA:50,5,0,0
BRDA:50,5,1,0
BRDA:67,6,0,0
BRDA:67,6,1,0
BRDA:67,7,0,0
BRDA:67,7,1,0
BRDA:85,8,0,0
BRDA:85,8,1,0
BRDA:85,9,0,0
BRDA:85,9,1,0
BRDA:85,9,2,0
BRDA:98,10,0,0
BRDA:98,10,1,0
BRDA:113,11,0,0
BRDA:113,11,1,0
BRDA:115,12,0,0
BRDA:115,12,1,0
BRDA:119,13,0,0
BRDA:119,13,1,0
BRDA:127,14,0,0
BRDA:127,14,1,0
BRDA:165,15,0,0
BRDA:165,15,1,0
BRDA:167,16,0,0
BRDA:167,16,1,0
BRDA:171,17,0,0
BRDA:171,17,1,0
BRDA:209,18,0,0
BRDA:209,18,1,0
BRDA:210,19,0,0
BRDA:210,19,1,0
BRDA:210,20,0,0
BRDA:210,20,1,0
BRDA:211,21,0,0
BRDA:211,21,1,0
BRDA:211,22,0,0
BRDA:211,22,1,0
BRDA:216,23,0,0
BRDA:216,23,1,0
BRDA:219,24,0,0
BRDA:219,24,1,0
BRDA:230,25,0,0
BRDA:230,25,1,0
BRDA:250,26,0,0
BRDA:250,26,1,0
BRDA:250,27,0,0
BRDA:250,27,1,0
BRDA:269,28,0,0
BRDA:269,28,1,0
BRDA:275,29,0,0
BRDA:275,29,1,0
BRDA:285,30,0,0
BRDA:285,30,1,0
BRDA:285,31,0,0
BRDA:285,31,1,0
BRDA:285,31,2,0
BRDA:301,32,0,0
BRDA:301,32,1,0
BRDA:301,33,0,0
BRDA:301,33,1,0
BRF:70
BRH:0
end_of_record
TN:
SF:src/client/utils/security.ts
FN:8,escapeHtml
FN:17,setTextContent
FN:25,setSafeHtml
FN:32,(anonymous_3)
FN:36,(anonymous_4)
FN:38,(anonymous_5)
FN:54,createTextNode
FN:61,createElement
FN:79,isSafeUrl
FN:91,createSafeLink
FN:214,processEmojis
FN:218,(anonymous_11)
FN:232,escapeRegex
FN:239,processChatMessage
FNF:14
FNH:0
FNDA:0,escapeHtml
FNDA:0,setTextContent
FNDA:0,setSafeHtml
FNDA:0,(anonymous_3)
FNDA:0,(anonymous_4)
FNDA:0,(anonymous_5)
FNDA:0,createTextNode
FNDA:0,createElement
FNDA:0,isSafeUrl
FNDA:0,createSafeLink
FNDA:0,processEmojis
FNDA:0,(anonymous_11)
FNDA:0,escapeRegex
FNDA:0,processChatMessage
DA:8,0
DA:9,0
DA:10,0
DA:11,0
DA:17,0
DA:18,0
DA:25,0
DA:27,0
DA:28,0
DA:31,0
DA:32,0
DA:35,0
DA:36,0
DA:37,0
DA:38,0
DA:39,0
DA:43,0
DA:48,0
DA:54,0
DA:55,0
DA:61,0
DA:66,0
DA:67,0
DA:68,0
DA:70,0
DA:71,0
DA:73,0
DA:79,0
DA:80,0
DA:81,0
DA:82,0
DA:84,0
DA:91,0
DA:92,0
DA:93,0
DA:95,0
DA:96,0
DA:98,0
DA:99,0
DA:102,0
DA:103,0
DA:105,0
DA:106,0
DA:110,0
DA:116,0
DA:215,0
DA:218,0
DA:220,0
DA:222,0
DA:223,0
DA:224,0
DA:226,0
DA:233,0
DA:239,0
DA:240,0
DA:243,0
DA:245,0
DA:247,0
DA:249,0
DA:250,0
DA:253,0
DA:254,0
DA:255,0
DA:256,0
DA:260,0
DA:261,0
DA:262,0
DA:263,0
DA:265,0
DA:268,0
DA:270,0
DA:271,0
DA:272,0
DA:273,0
DA:277,0
DA:278,0
DA:281,0
LF:77
LH:0
BRDA:39,0,0,0
BRDA:39,0,1,0
BRDA:40,1,0,0
BRDA:40,1,1,0
BRDA:40,1,2,0
BRDA:67,2,0,0
BRDA:67,2,1,0
BRDA:70,3,0,0
BRDA:70,3,1,0
BRDA:95,4,0,0
BRDA:95,4,1,0
BRDA:102,5,0,0
BRDA:102,5,1,0
BRDA:105,6,0,0
BRDA:105,6,1,0
BRDA:253,7,0,0
BRDA:253,7,1,0
BRDA:268,8,0,0
BRDA:268,8,1,0
BRDA:270,9,0,0
BRDA:270,9,1,0
BRF:21
BRH:0
end_of_record
TN:
SF:src/client/utils/sound.ts
FN:7,getAudioContext
FN:22,playTone
FN:51,playSound
FN:67,(anonymous_3)
FN:78,toggleSound
FN:84,isSoundEnabled
FN:88,updateSoundIcon
FNF:7
FNH:0
FNDA:0,getAudioContext
FNDA:0,playTone
FNDA:0,playSound
FNDA:0,(anonymous_3)
FNDA:0,toggleSound
FNDA:0,isSoundEnabled
FNDA:0,updateSoundIcon
DA:1,0
DA:3,0
DA:4,0
DA:8,0
DA:12,0
DA:15,0
DA:16,0
DA:19,0
DA:28,0
DA:29,0
DA:31,0
DA:32,0
DA:33,0
DA:36,0
DA:37,0
DA:39,0
DA:40,0
DA:41,0
DA:43,0
DA:44,0
DA:45,0
DA:51,0
DA:52,0
DA:54,0
DA:56,0
DA:57,0
DA:59,0
DA:60,0
DA:62,0
DA:63,0
DA:66,0
DA:67,0
DA:68,0
DA:70,0
DA:71,0
DA:73,0
DA:74,0
DA:78,0
DA:79,0
DA:80,0
DA:81,0
DA:84,0
DA:85,0
DA:88,0
DA:89,0
DA:90,0
DA:91,0
DA:92,0
LF:48
LH:0
BRDA:8,0,0,0
BRDA:8,0,1,0
BRDA:8,1,0,0
BRDA:8,1,1,0
BRDA:12,2,0,0
BRDA:12,2,1,0
BRDA:15,3,0,0
BRDA:15,3,1,0
BRDA:23,4,0,0
BRDA:24,5,0,0
BRDA:25,6,0,0
BRDA:26,7,0,0
BRDA:29,8,0,0
BRDA:29,8,1,0
BRDA:32,9,0,0
BRDA:32,9,1,0
BRDA:52,10,0,0
BRDA:52,10,1,0
BRDA:54,11,0,0
BRDA:54,11,1,0
BRDA:54,11,2,0
BRDA:54,11,3,0
BRDA:54,11,4,0
BRDA:54,11,5,0
BRDA:90,12,0,0
BRDA:90,12,1,0
BRDA:91,13,0,0
BRDA:91,13,1,0
BRDA:92,14,0,0
BRDA:92,14,1,0
BRF:30
BRH:0
end_of_record
TN:
SF:src/client/utils/storage.ts
FN:10,saveUserName
FN:18,loadUserName
FN:27,saveActiveSession
FN:35,loadActiveSessionInfo
FN:43,clearActiveSession
FN:52,saveJiraCredentials
FN:68,loadJiraCredentials
FN:86,clearJiraCredentials
FN:95,loadSoundSetting
FN:104,saveSoundSetting
FNF:10
FNH:0
FNDA:0,saveUserName
FNDA:0,loadUserName
FNDA:0,saveActiveSession
FNDA:0,loadActiveSessionInfo
FNDA:0,clearActiveSession
FNDA:0,saveJiraCredentials
FNDA:0,loadJiraCredentials
FNDA:0,clearJiraCredentials
FNDA:0,loadSoundSetting
FNDA:0,saveSoundSetting
DA:2,0
DA:10,0
DA:11,0
DA:12,0
DA:14,0
DA:18,0
DA:19,0
DA:20,0
DA:22,0
DA:27,0
DA:28,0
DA:29,0
DA:31,0
DA:35,0
DA:36,0
DA:37,0
DA:39,0
DA:43,0
DA:44,0
DA:45,0
DA:52,0
DA:53,0
DA:54,0
DA:58,0
DA:62,0
DA:64,0
DA:68,0
DA:69,0
DA:70,0
DA:71,0
DA:72,0
DA:73,0
DA:76,0
DA:81,0
DA:82,0
DA:86,0
DA:87,0
DA:88,0
DA:95,0
DA:96,0
DA:97,0
DA:98,0
DA:100,0
DA:104,0
DA:105,0
DA:106,0
LF:46
LH:0
BRDA:20,0,0,0
BRDA:20,0,1,0
BRDA:71,1,0,0
BRDA:71,1,1,0
BRDA:98,2,0,0
BRDA:98,2,1,0
BRDA:106,3,0,0
BRDA:106,3,1,0
BRF:8
BRH:0
end_of_record
TN:
SF:src/client/utils/storageOptimizer.ts
FN:18,(anonymous_0)
FN:24,(anonymous_1)
FN:33,(anonymous_2)
FN:50,(anonymous_3)
FN:72,(anonymous_4)
FN:86,(anonymous_5)
FN:100,(anonymous_6)
FN:105,(anonymous_7)
FN:113,(anonymous_8)
FN:121,(anonymous_9)
FN:130,(anonymous_10)
FN:136,(anonymous_11)
FN:147,(anonymous_12)
FN:158,(anonymous_13)
FN:177,(anonymous_14)
FN:191,setStorageItem
FN:196,getStorageItem
FN:200,getStorageItemParsed
FN:212,removeStorageItem
FN:216,clearStorage
FN:220,flushStorage
FNF:21
FNH:10
FNDA:1,(anonymous_0)
FNDA:0,(anonymous_1)
FNDA:5,(anonymous_2)
FNDA:4,(anonymous_3)
FNDA:1,(anonymous_4)
FNDA:0,(anonymous_5)
FNDA:5,(anonymous_6)
FNDA:0,(anonymous_7)
FNDA:0,(anonymous_8)
FNDA:0,(anonymous_9)
FNDA:0,(anonymous_10)
FNDA:0,(anonymous_11)
FNDA:0,(anonymous_12)
FNDA:1,(anonymous_13)
FNDA:0,(anonymous_14)
FNDA:5,setStorageItem
FNDA:2,getStorageItem
FNDA:2,getStorageItemParsed
FNDA:1,removeStorageItem
FNDA:0,clearStorage
FNDA:0,flushStorage
DA:13,1
DA:14,1
DA:15,1
DA:16,1
DA:20,1
DA:23,1
DA:24,1
DA:25,0
DA:35,5
DA:38,5
DA:44,5
DA:52,4
DA:53,2
DA:57,2
DA:58,2
DA:59,1
DA:60,0
DA:62,1
DA:64,1
DA:65,1
DA:73,1
DA:74,1
DA:76,1
DA:77,1
DA:79,1
DA:87,0
DA:88,0
DA:90,0
DA:91,0
DA:93,0
DA:101,5
DA:102,4
DA:105,5
DA:106,0
DA:114,0
DA:116,0
DA:117,0
DA:120,0
DA:121,0
DA:122,0
DA:123,0
DA:124,0
DA:129,0
DA:130,0
DA:131,0
DA:134,0
DA:136,0
DA:137,0
DA:141,0
DA:148,0
DA:149,0
DA:150,0
DA:152,0
DA:159,1
DA:160,1
DA:161,0
DA:162,0
DA:163,0
DA:164,0
DA:165,0
DA:170,0
DA:178,0
DA:186,1
DA:191,1
DA:192,5
DA:193,5
DA:196,1
DA:197,2
DA:200,1
DA:201,2
DA:202,2
DA:204,1
DA:205,1
DA:207,1
DA:208,1
DA:212,1
DA:213,1
DA:216,1
DA:217,0
DA:220,1
DA:221,0
LF:81
LH:45
BRDA:23,0,0,1
BRDA:23,0,1,0
BRDA:52,1,0,2
BRDA:52,1,1,2
BRDA:59,2,0,0
BRDA:59,2,1,1
BRDA:101,3,0,4
BRDA:101,3,1,1
BRDA:114,4,0,0
BRDA:114,4,1,0
BRDA:123,5,0,0
BRDA:123,5,1,0
BRDA:123,6,0,0
BRDA:123,6,1,0
BRDA:148,7,0,0
BRDA:148,7,1,0
BRDA:162,8,0,0
BRDA:162,8,1,0
BRDA:164,9,0,0
BRDA:164,9,1,0
BRDA:192,10,0,3
BRDA:192,10,1,2
BRDA:202,11,0,1
BRDA:202,11,1,1
BRF:24
BRH:10
end_of_record
TN:
SF:src/client/utils/ui.ts
FN:3,showNotification
FN:13,(anonymous_1)
FN:18,updateConnectionStatus
FN:31,disableButtons
FN:38,enableButtons
FN:45,showElement
FN:52,hideElement
FN:59,setElementText
FN:66,setElementHTML
FN:73,getInputValue
FN:78,setInputValue
FN:85,setupClickToCopy
FN:89,(anonymous_12)
FN:95,(anonymous_13)
FN:98,(anonymous_14)
FN:104,adaptFacilitatorControlsForViewport
FN:127,toggleFacilitatorControlsVisibility
FN:147,(anonymous_17)
FN:161,(anonymous_18)
FNF:19
FNH:0
FNDA:0,showNotification
FNDA:0,(anonymous_1)
FNDA:0,updateConnectionStatus
FNDA:0,disableButtons
FNDA:0,enableButtons
FNDA:0,showElement
FNDA:0,hideElement
FNDA:0,setElementText
FNDA:0,setElementHTML
FNDA:0,getInputValue
FNDA:0,setInputValue
FNDA:0,setupClickToCopy
FNDA:0,(anonymous_12)
FNDA:0,(anonymous_13)
FNDA:0,(anonymous_14)
FNDA:0,adaptFacilitatorControlsForViewport
FNDA:0,toggleFacilitatorControlsVisibility
FNDA:0,(anonymous_17)
FNDA:0,(anonymous_18)
DA:3,0
DA:5,0
DA:6,0
DA:8,0
DA:9,0
DA:10,0
DA:11,0
DA:13,0
DA:14,0
DA:18,0
DA:19,0
DA:20,0
DA:22,0
DA:23,0
DA:24,0
DA:26,0
DA:27,0
DA:31,0
DA:32,0
DA:33,0
DA:34,0
DA:35,0
DA:38,0
DA:39,0
DA:40,0
DA:41,0
DA:42,0
DA:45,0
DA:46,0
DA:47,0
DA:48,0
DA:52,0
DA:53,0
DA:54,0
DA:55,0
DA:59,0
DA:60,0
DA:61,0
DA:62,0
DA:66,0
DA:67,0
DA:68,0
DA:69,0
DA:73,0
DA:74,0
DA:75,0
DA:78,0
DA:79,0
DA:80,0
DA:81,0
DA:85,0
DA:86,0
DA:87,0
DA:89,0
DA:90,0
DA:91,0
DA:93,0
DA:96,0
DA:99,0
DA:104,0
DA:105,0
DA:106,0
DA:107,0
DA:109,0
DA:110,0
DA:112,0
DA:113,0
DA:114,0
DA:115,0
DA:116,0
DA:117,0
DA:120,0
DA:121,0
DA:122,0
DA:123,0
DA:127,0
DA:128,0
DA:129,0
DA:131,0
DA:139,0
DA:141,0
DA:143,0
DA:144,0
DA:147,0
DA:148,0
DA:149,0
DA:150,0
DA:154,0
DA:157,0
DA:158,0
DA:161,0
DA:162,0
DA:163,0
DA:164,0
DA:168,0
LF:95
LH:0
BRDA:3,0,0,0
BRDA:6,1,0,0
BRDA:6,1,1,0
BRDA:20,2,0,0
BRDA:20,2,1,0
BRDA:22,3,0,0
BRDA:22,3,1,0
BRDA:34,4,0,0
BRDA:34,4,1,0
BRDA:35,5,0,0
BRDA:35,5,1,0
BRDA:41,6,0,0
BRDA:41,6,1,0
BRDA:42,7,0,0
BRDA:42,7,1,0
BRDA:47,8,0,0
BRDA:47,8,1,0
BRDA:54,9,0,0
BRDA:54,9,1,0
BRDA:61,10,0,0
BRDA:61,10,1,0
BRDA:68,11,0,0
BRDA:68,11,1,0
BRDA:75,12,0,0
BRDA:75,12,1,0
BRDA:80,13,0,0
BRDA:80,13,1,0
BRDA:87,14,0,0
BRDA:87,14,1,0
BRDA:91,15,0,0
BRDA:91,15,1,0
BRDA:107,16,0,0
BRDA:107,16,1,0
BRDA:107,17,0,0
BRDA:107,17,1,0
BRDA:112,18,0,0
BRDA:112,18,1,0
BRDA:115,19,0,0
BRDA:115,19,1,0
BRDA:129,20,0,0
BRDA:129,20,1,0
BRDA:139,21,0,0
BRDA:139,21,1,0
BRDA:141,22,0,0
BRDA:141,22,1,0
BRDA:148,23,0,0
BRDA:148,23,1,0
BRDA:162,24,0,0
BRDA:162,24,1,0
BRF:49
BRH:0
end_of_record
TN:
SF:src/server/index.ts
FN:102,(anonymous_0)
FN:139,(anonymous_1)
FN:156,(anonymous_2)
FN:160,(anonymous_3)
FN:165,(anonymous_4)
FN:173,(anonymous_5)
FN:178,(anonymous_6)
FN:273,(anonymous_7)
FN:393,(anonymous_8)
FN:397,(anonymous_9)
FN:425,(anonymous_10)
FN:435,(anonymous_11)
FN:439,(anonymous_12)
FN:447,(anonymous_13)
FN:460,(anonymous_14)
FN:464,(anonymous_15)
FN:491,(anonymous_16)
FN:498,(anonymous_17)
FN:504,(anonymous_18)
FNF:19
FNH:0
FNDA:0,(anonymous_0)
FNDA:0,(anonymous_1)
FNDA:0,(anonymous_2)
FNDA:0,(anonymous_3)
FNDA:0,(anonymous_4)
FNDA:0,(anonymous_5)
FNDA:0,(anonymous_6)
FNDA:0,(anonymous_7)
FNDA:0,(anonymous_8)
FNDA:0,(anonymous_9)
FNDA:0,(anonymous_10)
FNDA:0,(anonymous_11)
FNDA:0,(anonymous_12)
FNDA:0,(anonymous_13)
FNDA:0,(anonymous_14)
FNDA:0,(anonymous_15)
FNDA:0,(anonymous_16)
FNDA:0,(anonymous_17)
FNDA:0,(anonymous_18)
DA:1,0
DA:2,0
DA:3,0
DA:4,0
DA:5,0
DA:6,0
DA:7,0
DA:8,0
DA:9,0
DA:17,0
DA:18,0
DA:19,0
DA:20,0
DA:21,0
DA:27,0
DA:28,0
DA:30,0
DA:31,0
DA:33,0
DA:36,0
DA:37,0
DA:38,0
DA:45,0
DA:46,0
DA:47,0
DA:48,0
DA:81,0
DA:84,0
DA:92,0
DA:94,0
DA:97,0
DA:98,0
DA:102,0
DA:103,0
DA:104,0
DA:105,0
DA:106,0
DA:107,0
DA:108,0
DA:109,0
DA:112,0
DA:124,0
DA:127,0
DA:128,0
DA:131,0
DA:135,0
DA:136,0
DA:137,0
DA:139,0
DA:140,0
DA:149,0
DA:151,0
DA:154,0
DA:155,0
DA:156,0
DA:158,0
DA:161,0
DA:162,0
DA:163,0
DA:166,0
DA:169,0
DA:173,0
DA:174,0
DA:176,0
DA:179,0
DA:181,0
DA:189,0
DA:190,0
DA:194,0
DA:195,0
DA:196,0
DA:199,0
DA:202,0
DA:203,0
DA:205,0
DA:235,0
DA:245,0
DA:246,0
DA:248,0
DA:249,0
DA:252,0
DA:254,0
DA:261,0
DA:263,0
DA:264,0
DA:269,0
DA:274,0
DA:276,0
DA:284,0
DA:285,0
DA:288,0
DA:289,0
DA:290,0
DA:292,0
DA:293,0
DA:294,0
DA:297,0
DA:298,0
DA:299,0
DA:300,0
DA:301,0
DA:302,0
DA:306,0
DA:307,0
DA:312,0
DA:313,0
DA:314,0
DA:318,0
DA:319,0
DA:323,0
DA:324,0
DA:325,0
DA:328,0
DA:329,0
DA:331,0
DA:332,0
DA:334,0
DA:339,0
DA:346,0
DA:347,0
DA:351,0
DA:353,0
DA:363,0
DA:364,0
DA:366,0
DA:367,0
DA:369,0
DA:374,0
DA:381,0
DA:383,0
DA:384,0
DA:391,0
DA:393,0
DA:394,0
DA:397,0
DA:398,0
DA:399,0
DA:400,0
DA:401,0
DA:402,0
DA:403,0
DA:406,0
DA:409,0
DA:414,0
DA:425,0
DA:426,0
DA:435,0
DA:436,0
DA:439,0
DA:444,0
DA:447,0
DA:448,0
DA:450,0
DA:451,0
DA:452,0
DA:455,0
DA:459,0
DA:461,0
DA:462,0
DA:464,0
DA:465,0
DA:466,0
DA:467,0
DA:469,0
DA:470,0
DA:473,0
DA:474,0
DA:475,0
DA:479,0
DA:480,0
DA:483,0
DA:484,0
DA:491,0
DA:492,0
DA:494,0
DA:498,0
DA:499,0
DA:500,0
DA:504,0
DA:505,0
DA:506,0
DA:507,0
DA:508,0
DA:509,0
DA:511,0
DA:512,0
DA:513,0
DA:514,0
DA:518,0
LF:189
LH:0
BRDA:40,0,0,0
BRDA:40,0,1,0
BRDA:45,1,0,0
BRDA:45,1,1,0
BRDA:46,2,0,0
BRDA:46,2,1,0
BRDA:47,3,0,0
BRDA:47,3,1,0
BRDA:48,4,0,0
BRDA:48,4,1,0
BRDA:86,5,0,0
BRDA:86,5,1,0
BRDA:97,6,0,0
BRDA:97,6,1,0
BRDA:127,7,0,0
BRDA:127,7,1,0
BRDA:135,8,0,0
BRDA:135,8,1,0
BRDA:154,9,0,0
BRDA:154,9,1,0
BRDA:181,10,0,0
BRDA:181,10,1,0
BRDA:182,11,0,0
BRDA:182,11,1,0
BRDA:182,11,2,0
BRDA:182,11,3,0
BRDA:182,11,4,0
BRDA:182,11,5,0
BRDA:194,12,0,0
BRDA:194,12,1,0
BRDA:273,13,0,0
BRDA:276,14,0,0
BRDA:276,14,1,0
BRDA:277,15,0,0
BRDA:277,15,1,0
BRDA:277,15,2,0
BRDA:277,15,3,0
BRDA:277,15,4,0
BRDA:277,15,5,0
BRDA:292,16,0,0
BRDA:292,16,1,0
BRDA:298,17,0,0
BRDA:298,17,1,0
BRDA:299,18,0,0
BRDA:299,18,1,0
BRDA:300,19,0,0
BRDA:300,19,1,0
BRDA:306,20,0,0
BRDA:306,20,1,0
BRDA:312,21,0,0
BRDA:312,21,1,0
BRDA:342,22,0,0
BRDA:342,22,1,0
BRDA:377,23,0,0
BRDA:377,23,1,0
BRDA:399,24,0,0
BRDA:399,24,1,0
BRDA:401,25,0,0
BRDA:401,25,1,0
BRDA:450,26,0,0
BRDA:450,26,1,0
BRDA:465,27,0,0
BRDA:465,27,1,0
BRDA:466,28,0,0
BRDA:466,28,1,0
BRDA:469,29,0,0
BRDA:469,29,1,0
BRDA:479,30,0,0
BRDA:479,30,1,0
BRDA:483,31,0,0
BRDA:483,31,1,0
BRDA:483,32,0,0
BRDA:483,32,1,0
BRDA:511,33,0,0
BRDA:511,33,1,0
BRF:75
BRH:0
end_of_record
TN:
SF:src/server/socketHandlers.ts
FN:56,createValidationWrapper
FN:57,withValidation
FN:58,(anonymous_2)
FN:74,getParticipantBySocketId
FN:80,startDiscussionTimer
FN:93,(anonymous_5)
FN:112,stopDiscussionTimer
FN:134,setupSocketHandlers
FN:146,(anonymous_8)
FN:188,(anonymous_9)
FN:222,(anonymous_10)
FN:279,(anonymous_11)
FN:320,(anonymous_12)
FN:385,(anonymous_13)
FN:425,(anonymous_14)
FN:458,(anonymous_15)
FN:519,(anonymous_16)
FN:578,(anonymous_17)
FN:595,(anonymous_18)
FN:615,(anonymous_19)
FN:653,(anonymous_20)
FN:753,(anonymous_21)
FN:785,(anonymous_22)
FN:852,(anonymous_23)
FN:877,(anonymous_24)
FN:901,(anonymous_25)
FN:935,(anonymous_26)
FN:952,(anonymous_27)
FN:971,calculateVotingResults
FN:973,(anonymous_29)
FN:979,(anonymous_30)
FN:989,(anonymous_31)
FN:996,(anonymous_32)
FNF:33
FNH:0
FNDA:0,createValidationWrapper
FNDA:0,withValidation
FNDA:0,(anonymous_2)
FNDA:0,getParticipantBySocketId
FNDA:0,startDiscussionTimer
FNDA:0,(anonymous_5)
FNDA:0,stopDiscussionTimer
FNDA:0,setupSocketHandlers
FNDA:0,(anonymous_8)
FNDA:0,(anonymous_9)
FNDA:0,(anonymous_10)
FNDA:0,(anonymous_11)
FNDA:0,(anonymous_12)
FNDA:0,(anonymous_13)
FNDA:0,(anonymous_14)
FNDA:0,(anonymous_15)
FNDA:0,(anonymous_16)
FNDA:0,(anonymous_17)
FNDA:0,(anonymous_18)
FNDA:0,(anonymous_19)
FNDA:0,(anonymous_20)
FNDA:0,(anonymous_21)
FNDA:0,(anonymous_22)
FNDA:0,(anonymous_23)
FNDA:0,(anonymous_24)
FNDA:0,(anonymous_25)
FNDA:0,(anonymous_26)
FNDA:0,(anonymous_27)
FNDA:0,calculateVotingResults
FNDA:0,(anonymous_29)
FNDA:0,(anonymous_30)
FNDA:0,(anonymous_31)
FNDA:0,(anonymous_32)
DA:10,0
DA:17,0
DA:18,0
DA:23,0
DA:57,0
DA:58,0
DA:59,0
DA:60,0
DA:61,0
DA:62,0
DA:64,0
DA:65,0
DA:67,0
DA:75,0
DA:76,0
DA:86,0
DA:87,0
DA:90,0
DA:93,0
DA:94,0
DA:96,0
DA:97,0
DA:98,0
DA:101,0
DA:105,0
DA:117,0
DA:118,0
DA:119,0
DA:122,0
DA:123,0
DA:126,0
DA:134,0
DA:139,0
DA:142,0
DA:147,0
DA:148,0
DA:150,0
DA:152,0
DA:153,0
DA:154,0
DA:158,0
DA:159,0
DA:161,0
DA:162,0
DA:164,0
DA:165,0
DA:168,0
DA:171,0
DA:175,0
DA:177,0
DA:182,0
DA:188,0
DA:189,0
DA:190,0
DA:191,0
DA:193,0
DA:195,0
DA:196,0
DA:197,0
DA:200,0
DA:201,0
DA:203,0
DA:204,0
DA:205,0
DA:208,0
DA:211,0
DA:212,0
DA:216,0
DA:217,0
DA:222,0
DA:223,0
DA:225,0
DA:226,0
DA:228,0
DA:229,0
DA:230,0
DA:231,0
DA:232,0
DA:233,0
DA:236,0
DA:237,0
DA:238,0
DA:239,0
DA:240,0
DA:243,0
DA:244,0
DA:245,0
DA:248,0
DA:251,0
DA:257,0
DA:258,0
DA:259,0
DA:261,0
DA:262,0
DA:263,0
DA:267,0
DA:268,0
DA:273,0
DA:274,0
DA:279,0
DA:280,0
DA:281,0
DA:282,0
DA:284,0
DA:286,0
DA:287,0
DA:288,0
DA:291,0
DA:292,0
DA:293,0
DA:294,0
DA:295,0
DA:298,0
DA:299,0
DA:300,0
DA:301,0
DA:305,0
DA:307,0
DA:312,0
DA:314,0
DA:315,0
DA:320,0
DA:321,0
DA:322,0
DA:323,0
DA:325,0
DA:327,0
DA:328,0
DA:329,0
DA:332,0
DA:333,0
DA:334,0
DA:335,0
DA:338,0
DA:344,0
DA:345,0
DA:348,0
DA:351,0
DA:352,0
DA:354,0
DA:357,0
DA:365,0
DA:366,0
DA:367,0
DA:368,0
DA:370,0
DA:377,0
DA:379,0
DA:380,0
DA:385,0
DA:386,0
DA:387,0
DA:388,0
DA:390,0
DA:392,0
DA:393,0
DA:394,0
DA:397,0
DA:398,0
DA:399,0
DA:400,0
DA:401,0
DA:403,0
DA:404,0
DA:405,0
DA:406,0
DA:410,0
DA:412,0
DA:417,0
DA:419,0
DA:420,0
DA:425,0
DA:426,0
DA:427,0
DA:428,0
DA:430,0
DA:432,0
DA:434,0
DA:435,0
DA:436,0
DA:439,0
DA:440,0
DA:441,0
DA:444,0
DA:445,0
DA:446,0
DA:448,0
DA:453,0
DA:456,0
DA:457,0
DA:458,0
DA:461,0
DA:462,0
DA:463,0
DA:464,0
DA:466,0
DA:467,0
DA:468,0
DA:471,0
DA:473,0
DA:475,0
DA:476,0
DA:487,0
DA:488,0
DA:500,0
DA:504,0
DA:509,0
DA:513,0
DA:514,0
DA:519,0
DA:520,0
DA:521,0
DA:522,0
DA:524,0
DA:526,0
DA:527,0
DA:528,0
DA:531,0
DA:532,0
DA:535,0
DA:537,0
DA:540,0
DA:541,0
DA:552,0
DA:553,0
DA:565,0
DA:570,0
DA:572,0
DA:573,0
DA:578,0
DA:579,0
DA:580,0
DA:581,0
DA:583,0
DA:585,0
DA:586,0
DA:587,0
DA:590,0
DA:591,0
DA:592,0
DA:595,0
DA:597,0
DA:598,0
DA:599,0
DA:600,0
DA:603,0
DA:607,0
DA:609,0
DA:610,0
DA:615,0
DA:616,0
DA:617,0
DA:618,0
DA:621,0
DA:622,0
DA:623,0
DA:624,0
DA:627,0
DA:628,0
DA:629,0
DA:633,0
DA:634,0
DA:637,0
DA:643,0
DA:647,0
DA:648,0
DA:653,0
DA:654,0
DA:655,0
DA:656,0
DA:659,0
DA:661,0
DA:662,0
DA:663,0
DA:666,0
DA:667,0
DA:668,0
DA:669,0
DA:672,0
DA:674,0
DA:676,0
DA:677,0
DA:682,0
DA:685,0
DA:686,0
DA:691,0
DA:695,0
DA:696,0
DA:697,0
DA:701,0
DA:702,0
DA:703,0
DA:706,0
DA:707,0
DA:709,0
DA:714,0
DA:717,0
DA:718,0
DA:721,0
DA:723,0
DA:729,0
DA:730,0
DA:731,0
DA:732,0
DA:735,0
DA:738,0
DA:741,0
DA:742,0
DA:745,0
DA:747,0
DA:748,0
DA:753,0
DA:754,0
DA:755,0
DA:756,0
DA:758,0
DA:760,0
DA:761,0
DA:762,0
DA:765,0
DA:766,0
DA:767,0
DA:770,0
DA:771,0
DA:772,0
DA:775,0
DA:776,0
DA:779,0
DA:780,0
DA:781,0
DA:783,0
DA:785,0
DA:786,0
DA:788,0
DA:789,0
DA:794,0
DA:795,0
DA:796,0
DA:797,0
DA:798,0
DA:801,0
DA:803,0
DA:806,0
DA:807,0
DA:818,0
DA:819,0
DA:831,0
DA:835,0
DA:840,0
DA:844,0
DA:846,0
DA:847,0
DA:852,0
DA:853,0
DA:854,0
DA:855,0
DA:857,0
DA:859,0
DA:860,0
DA:861,0
DA:864,0
DA:865,0
DA:869,0
DA:871,0
DA:875,0
DA:876,0
DA:877,0
DA:878,0
DA:879,0
DA:880,0
DA:886,0
DA:888,0
DA:889,0
DA:891,0
DA:892,0
DA:897,0
DA:902,0
DA:903,0
DA:905,0
DA:907,0
DA:910,0
DA:912,0
DA:920,0
DA:921,0
DA:924,0
DA:925,0
DA:929,0
DA:935,0
DA:936,0
DA:937,0
DA:938,0
DA:940,0
DA:941,0
DA:944,0
DA:945,0
DA:946,0
DA:947,0
DA:950,0
DA:952,0
DA:953,0
DA:954,0
DA:955,0
DA:958,0
DA:962,0
DA:963,0
DA:965,0
DA:966,0
DA:972,0
DA:973,0
DA:976,0
DA:979,0
DA:989,0
DA:990,0
DA:994,0
DA:995,0
DA:996,0
DA:999,0
DA:1000,0
DA:1001,0
DA:1003,0
DA:1006,0
LF:421
LH:0
BRDA:64,0,0,0
BRDA:64,0,1,0
BRDA:76,1,0,0
BRDA:76,1,1,0
BRDA:86,2,0,0
BRDA:86,2,1,0
BRDA:94,3,0,0
BRDA:94,3,1,0
BRDA:117,4,0,0
BRDA:117,4,1,0
BRDA:122,5,0,0
BRDA:122,5,1,0
BRDA:148,6,0,0
BRDA:148,6,1,0
BRDA:152,7,0,0
BRDA:152,7,1,0
BRDA:162,8,0,0
BRDA:162,8,1,0
BRDA:164,9,0,0
BRDA:164,9,1,0
BRDA:173,10,0,0
BRDA:173,10,1,0
BRDA:178,11,0,0
BRDA:178,11,1,0
BRDA:191,12,0,0
BRDA:191,12,1,0
BRDA:191,13,0,0
BRDA:191,13,1,0
BRDA:195,14,0,0
BRDA:195,14,1,0
BRDA:203,15,0,0
BRDA:203,15,1,0
BRDA:211,16,0,0
BRDA:211,16,1,0
BRDA:213,17,0,0
BRDA:213,17,1,0
BRDA:225,18,0,0
BRDA:225,18,1,0
BRDA:230,19,0,0
BRDA:230,19,1,0
BRDA:237,20,0,0
BRDA:237,20,1,0
BRDA:243,21,0,0
BRDA:243,21,1,0
BRDA:259,22,0,0
BRDA:259,22,1,0
BRDA:261,23,0,0
BRDA:261,23,1,0
BRDA:269,24,0,0
BRDA:269,24,1,0
BRDA:282,25,0,0
BRDA:282,25,1,0
BRDA:286,26,0,0
BRDA:286,26,1,0
BRDA:298,27,0,0
BRDA:298,27,1,0
BRDA:323,28,0,0
BRDA:323,28,1,0
BRDA:323,29,0,0
BRDA:323,29,1,0
BRDA:323,29,2,0
BRDA:327,30,0,0
BRDA:327,30,1,0
BRDA:333,31,0,0
BRDA:333,31,1,0
BRDA:344,32,0,0
BRDA:344,32,1,0
BRDA:388,33,0,0
BRDA:388,33,1,0
BRDA:392,34,0,0
BRDA:392,34,1,0
BRDA:403,35,0,0
BRDA:403,35,1,0
BRDA:428,36,0,0
BRDA:428,36,1,0
BRDA:432,37,0,0
BRDA:432,37,1,0
BRDA:434,38,0,0
BRDA:434,38,1,0
BRDA:439,39,0,0
BRDA:439,39,1,0
BRDA:456,40,0,0
BRDA:456,40,1,0
BRDA:458,41,0,0
BRDA:458,41,1,0
BRDA:461,42,0,0
BRDA:461,42,1,0
BRDA:461,43,0,0
BRDA:461,43,1,0
BRDA:462,44,0,0
BRDA:462,44,1,0
BRDA:475,45,0,0
BRDA:475,45,1,0
BRDA:487,46,0,0
BRDA:487,46,1,0
BRDA:522,47,0,0
BRDA:522,47,1,0
BRDA:526,48,0,0
BRDA:526,48,1,0
BRDA:540,49,0,0
BRDA:540,49,1,0
BRDA:552,50,0,0
BRDA:552,50,1,0
BRDA:581,51,0,0
BRDA:581,51,1,0
BRDA:585,52,0,0
BRDA:585,52,1,0
BRDA:597,53,0,0
BRDA:597,53,1,0
BRDA:618,54,0,0
BRDA:618,54,1,0
BRDA:622,55,0,0
BRDA:622,55,1,0
BRDA:622,56,0,0
BRDA:622,56,1,0
BRDA:627,57,0,0
BRDA:627,57,1,0
BRDA:639,58,0,0
BRDA:639,58,1,0
BRDA:644,59,0,0
BRDA:644,59,1,0
BRDA:656,60,0,0
BRDA:656,60,1,0
BRDA:661,61,0,0
BRDA:661,61,1,0
BRDA:667,62,0,0
BRDA:667,62,1,0
BRDA:672,63,0,0
BRDA:672,63,1,0
BRDA:672,63,2,0
BRDA:672,63,3,0
BRDA:672,63,4,0
BRDA:695,64,0,0
BRDA:695,64,1,0
BRDA:707,65,0,0
BRDA:707,65,1,0
BRDA:729,66,0,0
BRDA:729,66,1,0
BRDA:731,67,0,0
BRDA:731,67,1,0
BRDA:756,68,0,0
BRDA:756,68,1,0
BRDA:760,69,0,0
BRDA:760,69,1,0
BRDA:765,70,0,0
BRDA:765,70,1,0
BRDA:770,71,0,0
BRDA:770,71,1,0
BRDA:775,72,0,0
BRDA:775,72,1,0
BRDA:788,73,0,0
BRDA:788,73,1,0
BRDA:806,74,0,0
BRDA:806,74,1,0
BRDA:818,75,0,0
BRDA:818,75,1,0
BRDA:855,76,0,0
BRDA:855,76,1,0
BRDA:859,77,0,0
BRDA:859,77,1,0
BRDA:864,78,0,0
BRDA:864,78,1,0
BRDA:876,79,0,0
BRDA:876,79,1,0
BRDA:879,80,0,0
BRDA:879,80,1,0
BRDA:903,81,0,0
BRDA:903,81,1,0
BRDA:907,82,0,0
BRDA:907,82,1,0
BRDA:924,83,0,0
BRDA:924,83,1,0
BRDA:938,84,0,0
BRDA:938,84,1,0
BRDA:941,85,0,0
BRDA:941,85,1,0
BRDA:941,86,0,0
BRDA:941,86,1,0
BRDA:945,87,0,0
BRDA:945,87,1,0
BRDA:950,88,0,0
BRDA:950,88,1,0
BRDA:978,89,0,0
BRDA:978,89,1,0
BRDA:983,90,0,0
BRDA:983,90,1,0
BRDA:984,91,0,0
BRDA:984,91,1,0
BRDA:990,92,0,0
BRDA:990,92,1,0
BRDA:999,93,0,0
BRDA:999,93,1,0
BRDA:1001,94,0,0
BRDA:1001,94,1,0
BRF:194
BRH:0
end_of_record
TN:
SF:src/server/middleware/validation.ts
FN:242,validateSocketEvent
FN:243,(anonymous_1)
FN:256,(anonymous_2)
FN:265,validateBody
FN:266,(anonymous_4)
FN:274,(anonymous_5)
FN:287,sanitizeString
FN:337,(anonymous_7)
FN:345,(anonymous_8)
FN:347,(anonymous_9)
FN:358,(anonymous_10)
FN:372,(anonymous_11)
FN:379,(anonymous_12)
FN:380,(anonymous_13)
FNF:14
FNH:0
FNDA:0,validateSocketEvent
FNDA:0,(anonymous_1)
FNDA:0,(anonymous_2)
FNDA:0,validateBody
FNDA:0,(anonymous_4)
FNDA:0,(anonymous_5)
FNDA:0,sanitizeString
FNDA:0,(anonymous_7)
FNDA:0,(anonymous_8)
FNDA:0,(anonymous_9)
FNDA:0,(anonymous_10)
FNDA:0,(anonymous_11)
FNDA:0,(anonymous_12)
FNDA:0,(anonymous_13)
DA:2,0
DA:4,0
DA:5,0
DA:8,0
DA:146,0
DA:242,0
DA:243,0
DA:244,0
DA:245,0
DA:246,0
DA:249,0
DA:255,0
DA:256,0
DA:257,0
DA:260,0
DA:265,0
DA:266,0
DA:267,0
DA:273,0
DA:274,0
DA:275,0
DA:281,0
DA:282,0
DA:287,0
DA:288,0
DA:296,0
DA:331,0
DA:332,0
DA:333,0
DA:337,0
DA:338,0
DA:339,0
DA:343,0
DA:346,0
DA:347,0
DA:352,0
DA:353,0
DA:354,0
DA:355,0
DA:359,0
DA:363,0
DA:366,0
DA:367,0
DA:372,0
DA:377,0
DA:379,0
DA:380,0
DA:381,0
DA:382,0
DA:383,0
DA:386,0
DA:387,0
DA:388,0
DA:389,0
DA:394,0
DA:395,0
DA:396,0
DA:397,0
DA:401,0
DA:402,0
DA:403,0
DA:407,0
DA:408,0
DA:414,0
LF:64
LH:0
BRDA:245,0,0,0
BRDA:245,0,1,0
BRDA:255,1,0,0
BRDA:255,1,1,0
BRDA:273,2,0,0
BRDA:273,2,1,0
BRDA:299,3,0,0
BRDA:299,3,1,0
BRDA:300,4,0,0
BRDA:300,4,1,0
BRDA:309,5,0,0
BRDA:309,5,1,0
BRDA:310,6,0,0
BRDA:310,6,1,0
BRDA:319,7,0,0
BRDA:319,7,1,0
BRDA:320,8,0,0
BRDA:320,8,1,0
BRDA:331,9,0,0
BRDA:331,9,1,0
BRDA:352,10,0,0
BRDA:352,10,1,0
BRDA:381,11,0,0
BRDA:381,11,1,0
BRDA:386,12,0,0
BRDA:386,12,1,0
BRDA:388,13,0,0
BRDA:388,13,1,0
BRDA:395,14,0,0
BRDA:395,14,1,0
BRDA:401,15,0,0
BRDA:401,15,1,0
BRF:32
BRH:0
end_of_record
TN:
SF:src/server/utils/jiraApi.ts
FN:17,extractTextFromADF
FN:20,extractFromNode
FN:44,makeJiraRequest
FN:72,(anonymous_3)
FN:92,getJiraBoards
FN:104,getJiraBoardIssues
FN:156,(anonymous_6)
FN:162,(anonymous_7)
FN:183,updateJiraIssueStoryPoints
FN:198,roundToNearestFibonacci
FN:216,getJiraIssueDetails
FN:247,(anonymous_11)
FN:248,(anonymous_12)
FN:255,(anonymous_13)
FN:278,(anonymous_14)
FN:287,(anonymous_15)
FNF:16
FNH:0
FNDA:0,extractTextFromADF
FNDA:0,extractFromNode
FNDA:0,makeJiraRequest
FNDA:0,(anonymous_3)
FNDA:0,getJiraBoards
FNDA:0,getJiraBoardIssues
FNDA:0,(anonymous_6)
FNDA:0,(anonymous_7)
FNDA:0,updateJiraIssueStoryPoints
FNDA:0,roundToNearestFibonacci
FNDA:0,getJiraIssueDetails
FNDA:0,(anonymous_11)
FNDA:0,(anonymous_12)
FNDA:0,(anonymous_13)
FNDA:0,(anonymous_14)
FNDA:0,(anonymous_15)
DA:14,0
DA:18,0
DA:21,0
DA:24,0
DA:25,0
DA:29,0
DA:30,0
DA:34,0
DA:35,0
DA:38,0
DA:41,0
DA:44,0
DA:49,0
DA:50,0
DA:52,0
DA:56,0
DA:57,0
DA:67,0
DA:68,0
DA:71,0
DA:72,0
DA:74,0
DA:75,0
DA:76,0
DA:82,0
DA:84,0
DA:85,0
DA:92,0
DA:96,0
DA:97,0
DA:101,0
DA:104,0
DA:108,0
DA:109,0
DA:111,0
DA:112,0
DA:115,0
DA:117,0
DA:118,0
DA:120,0
DA:121,0
DA:124,0
DA:125,0
DA:127,0
DA:130,0
DA:131,0
DA:132,0
DA:134,0
DA:135,0
DA:136,0
DA:139,0
DA:140,0
DA:142,0
DA:143,0
DA:144,0
DA:145,0
DA:148,0
DA:149,0
DA:152,0
DA:155,0
DA:156,0
DA:162,0
DA:173,0
DA:175,0
DA:176,0
DA:183,0
DA:188,0
DA:189,0
DA:195,0
DA:198,0
DA:199,0
DA:200,0
DA:202,0
DA:203,0
DA:205,0
DA:206,0
DA:207,0
DA:208,0
DA:209,0
DA:213,0
DA:216,0
DA:220,0
DA:222,0
DA:227,0
DA:228,0
DA:231,0
DA:234,0
DA:247,0
DA:248,0
DA:257,0
DA:258,0
DA:259,0
DA:260,0
DA:261,0
DA:262,0
DA:264,0
DA:266,0
DA:269,0
DA:278,0
DA:287,0
DA:296,0
DA:301,0
DA:302,0
LF:103
LH:0
BRDA:14,0,0,0
BRDA:14,0,1,0
BRDA:18,1,0,0
BRDA:18,1,1,0
BRDA:18,2,0,0
BRDA:18,2,1,0
BRDA:21,3,0,0
BRDA:21,3,1,0
BRDA:24,4,0,0
BRDA:24,4,1,0
BRDA:25,5,0,0
BRDA:25,5,1,0
BRDA:29,6,0,0
BRDA:29,6,1,0
BRDA:29,7,0,0
BRDA:29,7,1,0
BRDA:34,8,0,0
BRDA:34,8,1,0
BRDA:34,9,0,0
BRDA:34,9,1,0
BRDA:35,10,0,0
BRDA:35,10,1,0
BRDA:47,11,0,0
BRDA:49,12,0,0
BRDA:49,13,0,0
BRDA:52,14,0,0
BRDA:52,14,1,0
BRDA:67,15,0,0
BRDA:67,15,1,0
BRDA:74,16,0,0
BRDA:74,16,1,0
BRDA:78,17,0,0
BRDA:78,17,1,0
BRDA:97,18,0,0
BRDA:97,18,1,0
BRDA:120,19,0,0
BRDA:120,19,1,0
BRDA:125,20,0,0
BRDA:125,20,1,0
BRDA:127,21,0,0
BRDA:127,21,1,0
BRDA:130,22,0,0
BRDA:130,22,1,0
BRDA:139,23,0,0
BRDA:139,23,1,0
BRDA:139,24,0,0
BRDA:139,24,1,0
BRDA:143,25,0,0
BRDA:143,25,1,0
BRDA:149,26,0,0
BRDA:149,26,1,0
BRDA:155,27,0,0
BRDA:155,27,1,0
BRDA:165,28,0,0
BRDA:165,28,1,0
BRDA:166,29,0,0
BRDA:166,29,1,0
BRDA:167,30,0,0
BRDA:167,30,1,0
BRDA:168,31,0,0
BRDA:168,31,1,0
BRDA:169,32,0,0
BRDA:169,32,1,0
BRDA:170,33,0,0
BRDA:170,33,1,0
BRDA:200,34,0,0
BRDA:200,34,1,0
BRDA:200,35,0,0
BRDA:200,35,1,0
BRDA:207,36,0,0
BRDA:207,36,1,0
BRDA:227,37,0,0
BRDA:227,37,1,0
BRDA:227,38,0,0
BRDA:227,38,1,0
BRDA:237,39,0,0
BRDA:237,39,1,0
BRDA:237,39,2,0
BRDA:238,40,0,0
BRDA:238,40,1,0
BRDA:239,41,0,0
BRDA:239,41,1,0
BRDA:240,42,0,0
BRDA:240,42,1,0
BRDA:241,43,0,0
BRDA:241,43,1,0
BRDA:242,44,0,0
BRDA:242,44,1,0
BRDA:245,45,0,0
BRDA:245,45,1,0
BRDA:246,46,0,0
BRDA:246,46,1,0
BRDA:247,47,0,0
BRDA:247,47,1,0
BRDA:248,48,0,0
BRDA:248,48,1,0
BRDA:251,49,0,0
BRDA:251,49,1,0
BRDA:252,50,0,0
BRDA:252,50,1,0
BRDA:255,51,0,0
BRDA:255,51,1,0
BRDA:258,52,0,0
BRDA:258,52,1,0
BRDA:260,53,0,0
BRDA:260,53,1,0
BRDA:262,54,0,0
BRDA:262,54,1,0
BRDA:262,55,0,0
BRDA:262,55,1,0
BRDA:271,56,0,0
BRDA:271,56,1,0
BRDA:278,57,0,0
BRDA:278,57,1,0
BRDA:284,58,0,0
BRDA:284,58,1,0
BRDA:287,59,0,0
BRDA:287,59,1,0
BRDA:289,60,0,0
BRDA:289,60,1,0
BRDA:292,61,0,0
BRDA:292,61,1,0
BRF:122
BRH:0
end_of_record
TN:
SF:src/server/utils/sessionHelpers.ts
FN:3,generateRoomCode
FN:7,createSession
FN:37,getSessionData
FN:52,(anonymous_3)
FN:69,recordHistory
FN:101,(anonymous_5)
FNF:6
FNH:0
FNDA:0,generateRoomCode
FNDA:0,createSession
FNDA:0,getSessionData
FNDA:0,(anonymous_3)
FNDA:0,recordHistory
FNDA:0,(anonymous_5)
DA:3,0
DA:4,0
DA:7,0
DA:8,0
DA:10,0
DA:18,0
DA:34,0
DA:37,0
DA:38,0
DA:52,0
DA:69,0
DA:73,0
DA:74,0
DA:75,0
DA:82,0
DA:86,0
DA:91,0
DA:93,0
DA:94,0
DA:96,0
DA:97,0
DA:100,0
DA:101,0
DA:102,0
DA:103,0
DA:104,0
DA:106,0
DA:107,0
DA:108,0
DA:109,0
DA:111,0
DA:112,0
LF:32
LH:0
BRDA:42,0,0,0
BRDA:42,0,1,0
BRDA:45,1,0,0
BRDA:45,1,1,0
BRDA:58,2,0,0
BRDA:58,2,1,0
BRDA:63,3,0,0
BRDA:63,3,1,0
BRDA:64,4,0,0
BRDA:64,4,1,0
BRDA:65,5,0,0
BRDA:65,5,1,0
BRDA:73,6,0,0
BRDA:73,6,1,0
BRDA:74,7,0,0
BRDA:74,7,1,0
BRDA:82,8,0,0
BRDA:82,8,1,0
BRDA:96,9,0,0
BRDA:96,9,1,0
BRDA:96,10,0,0
BRDA:96,10,1,0
BRDA:100,11,0,0
BRDA:100,11,1,0
BRDA:102,12,0,0
BRDA:102,12,1,0
BRDA:103,13,0,0
BRDA:103,13,1,0
BRDA:109,14,0,0
BRDA:109,14,1,0
BRDA:109,15,0,0
BRDA:109,15,1,0
BRDA:111,16,0,0
BRDA:111,16,1,0
BRDA:112,17,0,0
BRDA:112,17,1,0
BRF:36
BRH:0
end_of_record
TN:
SF:src/server/utils/sessionStore.ts
FN:9,(anonymous_0)
FN:24,(anonymous_1)
FN:51,(anonymous_2)
FN:90,(anonymous_3)
FN:96,(anonymous_4)
FN:100,(anonymous_5)
FN:104,(anonymous_6)
FN:109,(anonymous_7)
FN:114,(anonymous_8)
FN:118,(anonymous_9)
FN:122,(anonymous_10)
FN:126,(anonymous_11)
FN:132,(anonymous_12)
FN:136,(anonymous_13)
FN:137,(anonymous_14)
FN:143,(anonymous_15)
FNF:16
FNH:0
FNDA:0,(anonymous_0)
FNDA:0,(anonymous_1)
FNDA:0,(anonymous_2)
FNDA:0,(anonymous_3)
FNDA:0,(anonymous_4)
FNDA:0,(anonymous_5)
FNDA:0,(anonymous_6)
FNDA:0,(anonymous_7)
FNDA:0,(anonymous_8)
FNDA:0,(anonymous_9)
FNDA:0,(anonymous_10)
FNDA:0,(anonymous_11)
FNDA:0,(anonymous_12)
FNDA:0,(anonymous_13)
FNDA:0,(anonymous_14)
FNDA:0,(anonymous_15)
DA:3,0
DA:4,0
DA:5,0
DA:6,0
DA:7,0
DA:14,0
DA:15,0
DA:16,0
DA:17,0
DA:19,0
DA:20,0
DA:25,0
DA:26,0
DA:35,0
DA:37,0
DA:43,0
DA:47,0
DA:52,0
DA:53,0
DA:54,0
DA:55,0
DA:56,0
DA:57,0
DA:58,0
DA:61,0
DA:80,0
DA:82,0
DA:83,0
DA:86,0
DA:91,0
DA:92,0
DA:93,0
DA:97,0
DA:101,0
DA:105,0
DA:106,0
DA:107,0
DA:109,0
DA:111,0
DA:115,0
DA:119,0
DA:123,0
DA:127,0
DA:129,0
DA:133,0
DA:134,0
DA:136,0
DA:137,0
DA:138,0
DA:144,0
DA:145,0
DA:146,0
LF:52
LH:0
BRDA:10,0,0,0
BRDA:11,1,0,0
BRDA:12,2,0,0
BRDA:19,3,0,0
BRDA:19,3,1,0
BRDA:25,4,0,0
BRDA:25,4,1,0
BRDA:40,5,0,0
BRDA:40,5,1,0
BRDA:41,6,0,0
BRDA:41,6,1,0
BRDA:52,7,0,0
BRDA:52,7,1,0
BRDA:57,8,0,0
BRDA:57,8,1,0
BRDA:64,9,0,0
BRDA:64,9,1,0
BRDA:65,10,0,0
BRDA:65,10,1,0
BRDA:66,11,0,0
BRDA:66,11,1,0
BRDA:67,12,0,0
BRDA:67,12,1,0
BRDA:68,13,0,0
BRDA:68,13,1,0
BRDA:69,14,0,0
BRDA:69,14,1,0
BRDA:77,15,0,0
BRDA:77,15,1,0
BRDA:80,16,0,0
BRDA:80,16,1,0
BRDA:82,17,0,0
BRDA:82,17,1,0
BRDA:106,18,0,0
BRDA:106,18,1,0
BRDA:132,19,0,0
BRDA:133,20,0,0
BRDA:133,20,1,0
BRDA:134,21,0,0
BRDA:134,21,1,0
BRDA:144,22,0,0
BRDA:144,22,1,0
BRF:42
BRH:0
end_of_record
TN:
SF:src/server/utils/sessionTokens.ts
FN:22,generateSessionToken
FN:29,hashToken
FN:36,createSessionToken
FN:60,validateSessionToken
FN:101,invalidateSessionToken
FN:115,invalidateParticipantTokens
FN:126,invalidateRoomTokens
FN:137,cleanupExpiredTokens
FN:149,(anonymous_8)
FN:159,getTokenStats
FNF:10
FNH:0
FNDA:0,generateSessionToken
FNDA:0,hashToken
FNDA:0,createSessionToken
FNDA:0,validateSessionToken
FNDA:0,invalidateSessionToken
FNDA:0,invalidateParticipantTokens
FNDA:0,invalidateRoomTokens
FNDA:0,cleanupExpiredTokens
FNDA:0,(anonymous_8)
FNDA:0,getTokenStats
DA:1,0
DA:14,0
DA:17,0
DA:22,0
DA:23,0
DA:30,0
DA:36,0
DA:37,0
DA:38,0
DA:40,0
DA:49,0
DA:52,0
DA:54,0
DA:60,0
DA:65,0
DA:66,0
DA:69,0
DA:70,0
DA:72,0
DA:73,0
DA:77,0
DA:78,0
DA:79,0
DA:80,0
DA:84,0
DA:89,0
DA:93,0
DA:95,0
DA:101,0
DA:102,0
DA:104,0
DA:105,0
DA:107,0
DA:108,0
DA:115,0
DA:116,0
DA:117,0
DA:118,0
DA:126,0
DA:127,0
DA:128,0
DA:129,0
DA:137,0
DA:138,0
DA:139,0
DA:141,0
DA:142,0
DA:144,0
DA:145,0
DA:149,0
DA:151,0
DA:152,0
DA:159,0
DA:164,0
DA:165,0
DA:166,0
DA:168,0
DA:169,0
DA:171,0
DA:172,0
DA:174,0
DA:178,0
DA:186,0
LF:63
LH:0
BRDA:65,0,0,0
BRDA:65,0,1,0
BRDA:65,1,0,0
BRDA:65,1,1,0
BRDA:72,2,0,0
BRDA:72,2,1,0
BRDA:78,3,0,0
BRDA:78,3,1,0
BRDA:84,4,0,0
BRDA:84,4,1,0
BRDA:85,5,0,0
BRDA:85,5,1,0
BRDA:85,5,2,0
BRDA:102,6,0,0
BRDA:102,6,1,0
BRDA:107,7,0,0
BRDA:107,7,1,0
BRDA:117,8,0,0
BRDA:117,8,1,0
BRDA:117,9,0,0
BRDA:117,9,1,0
BRDA:128,10,0,0
BRDA:128,10,1,0
BRDA:144,11,0,0
BRDA:144,11,1,0
BRDA:144,12,0,0
BRDA:144,12,1,0
BRDA:151,13,0,0
BRDA:151,13,1,0
BRDA:171,14,0,0
BRDA:171,14,1,0
BRDA:171,15,0,0
BRDA:171,15,1,0
BRF:33
BRH:0
end_of_record
